# Logfile created on 2016-06-11 16:57:02 -0700 by logger.rb/47272
  INFO ---------------------------------------------------------------------------
  INFO START 2016-06-11 16:57:02 -0700 cap production deploy
  INFO ---------------------------------------------------------------------------
  INFO [d506a9fb] Running /usr/bin/env middleman build --verbose as jrsa@localhost
 DEBUG [d506a9fb] Command: /usr/bin/env middleman build --verbose
 DEBUG [d506a9fb] 	== Activating: file_watcher
 DEBUG [d506a9fb] 	== Activating: front_matter
 DEBUG [d506a9fb] 	== Activating: data
 DEBUG [d506a9fb] 	== Activating: inline_url_rewriter
 DEBUG [d506a9fb] 	== Activating: sitemap_ondisk
 DEBUG [d506a9fb] 	== Activating: sitemap_import
 DEBUG [d506a9fb] 	== Activating: sitemap_endpoint
 DEBUG [d506a9fb] 	== Activating: sitemap_proxies
 DEBUG [d506a9fb] 	== Activating: sitemap_redirects
 DEBUG [d506a9fb] 	== Activating: sitemap_move_files
 DEBUG [d506a9fb] 	== Activating: sitemap_ignore
 DEBUG [d506a9fb] 	== Activating: external_helpers
 DEBUG [d506a9fb] 	== Activating: erb_renderer
 DEBUG [d506a9fb] 	== Activating: coffee_renderer
 DEBUG [d506a9fb] 	== Activating: haml_renderer
 DEBUG [d506a9fb] 	== Activating: sass_renderer
 DEBUG [d506a9fb] 	== Activating: markdown_renderer
 DEBUG [d506a9fb] 	== Failed Activation `liquid_renderer` : cannot load such file -- liquid
 DEBUG [d506a9fb] 	== Failed Activation `slim_renderer` : cannot load such file -- slim
 DEBUG [d506a9fb] 	== Failed Activation `less_renderer` : cannot load such file -- less
 DEBUG [d506a9fb] 	== Failed Activation `stylus_renderer` : cannot load such file -- stylus
 DEBUG [d506a9fb] 	== Activating: default_helpers
 DEBUG [d506a9fb] 	== Activating: lorem
 DEBUG [d506a9fb] 	== Activating: routing
 DEBUG [d506a9fb] 	== Activating: collections
 DEBUG [d506a9fb] 	== Change (#<Set: {:source, :no_frontmatter}>): _nav.html.haml
 DEBUG [d506a9fb] 	== Change (#<Set: {:source, :no_frontmatter}>): _vimeo_embed.html.haml
 DEBUG [d506a9fb] 	== Change (#<Set: {:source}>): index.html.haml
 DEBUG [d506a9fb] 	== Change (#<Set: {:source}>): javascripts/all.js
 DEBUG [d506a9fb] 	== Change (#<Set: {:source}>): layouts/layout.haml
 DEBUG [d506a9fb] 	== Change (#<Set: {:source}>): performance.html.haml
 DEBUG [d506a9fb] 	== Change (#<Set: {:source}>): sound.html.haml
 DEBUG [d506a9fb] 	== Change (#<Set: {:source, :no_frontmatter}>): stylesheets/_normalize.scss
 DEBUG [d506a9fb] 	== Change (#<Set: {:source}>): stylesheets/site.css.scss
 DEBUG [d506a9fb] 	== Change (#<Set: {:source}>): video.html.haml
 DEBUG [d506a9fb] 	== Rebuilding resource list
 DEBUG [d506a9fb] 	== Reading: Local config: config.rb
 DEBUG [d506a9fb] 	== Requesting resource list rebuilding: first_run_change_page
 DEBUG [d506a9fb] 	== Requesting resource list rebuilding: first_run_change_page
 DEBUG [d506a9fb] 	== Requesting resource list rebuilding: first_run_change_page
 DEBUG [d506a9fb] 	Loaded extensions:
 DEBUG [d506a9fb] 	== Extension: file_watcher
 DEBUG [d506a9fb] 	== Extension: front_matter
 DEBUG [d506a9fb] 	== Extension: data
 DEBUG [d506a9fb] 	== Extension: inline_url_rewriter
 DEBUG [d506a9fb] 	== Extension: sitemap_ondisk
 DEBUG [d506a9fb] 	== Extension: sitemap_import
 DEBUG [d506a9fb] 	== Extension: sitemap_endpoint
 DEBUG [d506a9fb] 	== Extension: sitemap_proxies
 DEBUG [d506a9fb] 	== Extension: sitemap_redirects
 DEBUG [d506a9fb] 	== Extension: sitemap_move_files
 DEBUG [d506a9fb] 	== Extension: sitemap_ignore
 DEBUG [d506a9fb] 	== Extension: external_helpers
 DEBUG [d506a9fb] 	== Extension: erb_renderer
 DEBUG [d506a9fb] 	== Extension: coffee_renderer
 DEBUG [d506a9fb] 	== Extension: haml_renderer
 DEBUG [d506a9fb] 	== Extension: sass_renderer
 DEBUG [d506a9fb] 	== Extension: markdown_renderer
 DEBUG [d506a9fb] 	== Extension: default_helpers
 DEBUG [d506a9fb] 	== Extension: lorem
 DEBUG [d506a9fb] 	== Extension: routing
 DEBUG [d506a9fb] 	== Extension: collections
 DEBUG [d506a9fb] 	== Change (#<Set: {:source, :no_frontmatter}>): _nav.html.haml
 DEBUG [d506a9fb] 	== Change (#<Set: {:source, :no_frontmatter}>): _vimeo_embed.html.haml
 DEBUG [d506a9fb] 	== Change (#<Set: {:source}>): index.html.haml
 DEBUG [d506a9fb] 	== Change (#<Set: {:source}>): javascripts/all.js
 DEBUG [d506a9fb] 	== Change (#<Set: {:source}>): layouts/layout.haml
 DEBUG [d506a9fb] 	== Change (#<Set: {:source}>): performance.html.haml
 DEBUG [d506a9fb] 	== Change (#<Set: {:source}>): sound.html.haml
 DEBUG [d506a9fb] 	== Change (#<Set: {:source, :no_frontmatter}>): stylesheets/_normalize.scss
 DEBUG [d506a9fb] 	== Change (#<Set: {:source}>): stylesheets/site.css.scss
 DEBUG [d506a9fb] 	== Change (#<Set: {:source}>): video.html.haml
 DEBUG [d506a9fb] 	== Rebuilding resource list
 DEBUG [d506a9fb] 	== Requesting resource list rebuilding: touched_file
 DEBUG [d506a9fb] 	== Requesting resource list rebuilding: registered_new_manipulator_front_matter
 DEBUG [d506a9fb] 	== Requesting resource list rebuilding: registered_new_manipulator_sitemap_ondisk
 DEBUG [d506a9fb] 	== Requesting resource list rebuilding: registered_new_manipulator_sitemap_import
 DEBUG [d506a9fb] 	== Requesting resource list rebuilding: registered_new_manipulator_sitemap_endpoint
 DEBUG [d506a9fb] 	== Requesting resource list rebuilding: registered_new_manipulator_sitemap_proxies
 DEBUG [d506a9fb] 	== Requesting resource list rebuilding: registered_new_manipulator_sitemap_redirects
 DEBUG [d506a9fb] 	== Requesting resource list rebuilding: registered_new_manipulator_sitemap_move_files
 DEBUG [d506a9fb] 	== Requesting resource list rebuilding: registered_new_manipulator_sitemap_ignore
 DEBUG [d506a9fb] 	== Requesting resource list rebuilding: registered_new_manipulator_routing
 DEBUG [d506a9fb] 	== Requesting resource list rebuilding: registered_new_manipulator_routing
 DEBUG [d506a9fb] 	== Requesting resource list rebuilding: registered_new_manipulator_collections
 DEBUG [d506a9fb] 	== Rebuilding resource list
 DEBUG [d506a9fb] 	== Running manipulator: sitemap_ondisk (0)
 DEBUG [d506a9fb] 	== Running manipulator: sitemap_endpoint (0)
 DEBUG [d506a9fb] 	== Running manipulator: sitemap_proxies (0)
 DEBUG [d506a9fb] 	== Running manipulator: sitemap_redirects (0)
 DEBUG [d506a9fb] 	== Running manipulator: sitemap_ignore (0)
 DEBUG [d506a9fb] 	== Running manipulator: sitemap_import (1)
 DEBUG [d506a9fb] 	== Running manipulator: routing (10)
 DEBUG [d506a9fb] 	== Running manipulator: front_matter (20)
 DEBUG [d506a9fb] 	== Running manipulator: sitemap_move_files (101)
 DEBUG [d506a9fb] 	== Running manipulator: collections (110)
 DEBUG [d506a9fb] 	== Running manipulator: routing (130)
 DEBUG [d506a9fb] 	== Prerendering CSS
 DEBUG [d506a9fb] 	== Request: /stylesheets/site.css
 DEBUG [d506a9fb] 	== Finishing Request: stylesheets/site.css (0.04s)
 DEBUG [d506a9fb] 	   identical  build/stylesheets/site.css
 DEBUG [d506a9fb] 	== Building files
 DEBUG [d506a9fb] 	== Request: /javascripts/all.js
 DEBUG [d506a9fb] 	== Finishing Request: javascripts/all.js (0.0s)
 DEBUG [d506a9fb] 	   identical  build/javascripts/all.js
 DEBUG [d506a9fb] 	== Request: /sound.html
 DEBUG [d506a9fb] 	== Finishing Request: sound.html (0.02s)
 DEBUG [d506a9fb] 	   identical  build/sound.html
 DEBUG [d506a9fb] 	== Request: /video.html
 DEBUG [d506a9fb] 	== Finishing Request: video.html (0.02s)
 DEBUG [d506a9fb] 	   identical  build/video.html
 DEBUG [d506a9fb] 	== Request: /performance.html
 DEBUG [d506a9fb] 	== Finishing Request: performance.html (0.04s)
 DEBUG [d506a9fb] 	   identical  build/performance.html
 DEBUG [d506a9fb] 	Digest::Digest is deprecated; use Digest
 DEBUG [d506a9fb] 	Digest::Digest is deprecated; use Digest
 DEBUG [d506a9fb] 	Digest::Digest is deprecated; use Digest
 DEBUG [d506a9fb] 	Digest::Digest is deprecated; use Digest
 DEBUG [d506a9fb] 	Digest::Digest is deprecated; use Digest
 DEBUG [d506a9fb] 	Digest::Digest is deprecated; use Digest
 DEBUG [d506a9fb] 	Digest::Digest is deprecated; use Digest
 DEBUG [d506a9fb] 	Digest::Digest is deprecated; use Digest
 DEBUG [d506a9fb] 	Digest::Digest is deprecated; use Digest
 DEBUG [d506a9fb] 	Digest::Digest is deprecated; use Digest
 DEBUG [d506a9fb] 	Digest::Digest is deprecated; use Digest
 DEBUG [d506a9fb] 	== Request: /index.html
 DEBUG [d506a9fb] 	== Finishing Request: index.html (0.46s)
 DEBUG [d506a9fb] 	     updated  build/index.html
 DEBUG [d506a9fb] 	Project built successfully.
  INFO [d506a9fb] Finished in 2.325 seconds with exit status 0 (successful).
  INFO ---------------------------------------------------------------------------
  INFO START 2016-06-11 17:03:19 -0700 cap production deploy
  INFO ---------------------------------------------------------------------------
  INFO [1b812f92] Running /usr/bin/env middleman build --verbose as jrsa@localhost
 DEBUG [1b812f92] Command: /usr/bin/env middleman build --verbose
 DEBUG [1b812f92] 	== Activating: file_watcher
 DEBUG [1b812f92] 	== Activating: front_matter
 DEBUG [1b812f92] 	== Activating: data
 DEBUG [1b812f92] 	== Activating: inline_url_rewriter
 DEBUG [1b812f92] 	== Activating: sitemap_ondisk
 DEBUG [1b812f92] 	== Activating: sitemap_import
 DEBUG [1b812f92] 	== Activating: sitemap_endpoint
 DEBUG [1b812f92] 	== Activating: sitemap_proxies
 DEBUG [1b812f92] 	== Activating: sitemap_redirects
 DEBUG [1b812f92] 	== Activating: sitemap_move_files
 DEBUG [1b812f92] 	== Activating: sitemap_ignore
 DEBUG [1b812f92] 	== Activating: external_helpers
 DEBUG [1b812f92] 	== Activating: erb_renderer
 DEBUG [1b812f92] 	== Activating: coffee_renderer
 DEBUG [1b812f92] 	== Activating: haml_renderer
 DEBUG [1b812f92] 	== Activating: sass_renderer
 DEBUG [1b812f92] 	== Activating: markdown_renderer
 DEBUG [1b812f92] 	== Failed Activation `liquid_renderer` : cannot load such file -- liquid
 DEBUG [1b812f92] 	== Failed Activation `slim_renderer` : cannot load such file -- slim
 DEBUG [1b812f92] 	== Failed Activation `less_renderer` : cannot load such file -- less
 DEBUG [1b812f92] 	== Failed Activation `stylus_renderer` : cannot load such file -- stylus
 DEBUG [1b812f92] 	== Activating: default_helpers
 DEBUG [1b812f92] 	== Activating: lorem
 DEBUG [1b812f92] 	== Activating: routing
 DEBUG [1b812f92] 	== Activating: collections
 DEBUG [1b812f92] 	== Change (#<Set: {:source, :no_frontmatter}>): _nav.html.haml
 DEBUG [1b812f92] 	== Change (#<Set: {:source, :no_frontmatter}>): _vimeo_embed.html.haml
 DEBUG [1b812f92] 	== Change (#<Set: {:source}>): index.html.haml
 DEBUG [1b812f92] 	== Change (#<Set: {:source}>): javascripts/all.js
 DEBUG [1b812f92] 	== Change (#<Set: {:source}>): layouts/layout.haml
 DEBUG [1b812f92] 	== Change (#<Set: {:source}>): performance.html.haml
 DEBUG [1b812f92] 	== Change (#<Set: {:source}>): sound.html.haml
 DEBUG [1b812f92] 	== Change (#<Set: {:source, :no_frontmatter}>): stylesheets/_normalize.scss
 DEBUG [1b812f92] 	== Change (#<Set: {:source}>): stylesheets/site.css.scss
 DEBUG [1b812f92] 	== Change (#<Set: {:source}>): video.html.haml
 DEBUG [1b812f92] 	== Rebuilding resource list
 DEBUG [1b812f92] 	== Reading: Local config: config.rb
 DEBUG [1b812f92] 	== Requesting resource list rebuilding: first_run_change_page
 DEBUG [1b812f92] 	== Requesting resource list rebuilding: first_run_change_page
 DEBUG [1b812f92] 	== Requesting resource list rebuilding: first_run_change_page
 DEBUG [1b812f92] 	Loaded extensions:
 DEBUG [1b812f92] 	== Extension: file_watcher
 DEBUG [1b812f92] 	== Extension: front_matter
 DEBUG [1b812f92] 	== Extension: data
 DEBUG [1b812f92] 	== Extension: inline_url_rewriter
 DEBUG [1b812f92] 	== Extension: sitemap_ondisk
 DEBUG [1b812f92] 	== Extension: sitemap_import
 DEBUG [1b812f92] 	== Extension: sitemap_endpoint
 DEBUG [1b812f92] 	== Extension: sitemap_proxies
 DEBUG [1b812f92] 	== Extension: sitemap_redirects
 DEBUG [1b812f92] 	== Extension: sitemap_move_files
 DEBUG [1b812f92] 	== Extension: sitemap_ignore
 DEBUG [1b812f92] 	== Extension: external_helpers
 DEBUG [1b812f92] 	== Extension: erb_renderer
 DEBUG [1b812f92] 	== Extension: coffee_renderer
 DEBUG [1b812f92] 	== Extension: haml_renderer
 DEBUG [1b812f92] 	== Extension: sass_renderer
 DEBUG [1b812f92] 	== Extension: markdown_renderer
 DEBUG [1b812f92] 	== Extension: default_helpers
 DEBUG [1b812f92] 	== Extension: lorem
 DEBUG [1b812f92] 	== Extension: routing
 DEBUG [1b812f92] 	== Extension: collections
 DEBUG [1b812f92] 	== Change (#<Set: {:source, :no_frontmatter}>): _nav.html.haml
 DEBUG [1b812f92] 	== Change (#<Set: {:source, :no_frontmatter}>): _vimeo_embed.html.haml
 DEBUG [1b812f92] 	== Change (#<Set: {:source}>): index.html.haml
 DEBUG [1b812f92] 	== Change (#<Set: {:source}>): javascripts/all.js
 DEBUG [1b812f92] 	== Change (#<Set: {:source}>): layouts/layout.haml
 DEBUG [1b812f92] 	== Change (#<Set: {:source}>): performance.html.haml
 DEBUG [1b812f92] 	== Change (#<Set: {:source}>): sound.html.haml
 DEBUG [1b812f92] 	== Change (#<Set: {:source, :no_frontmatter}>): stylesheets/_normalize.scss
 DEBUG [1b812f92] 	== Change (#<Set: {:source}>): stylesheets/site.css.scss
 DEBUG [1b812f92] 	== Change (#<Set: {:source}>): video.html.haml
 DEBUG [1b812f92] 	== Rebuilding resource list
 DEBUG [1b812f92] 	== Requesting resource list rebuilding: touched_file
 DEBUG [1b812f92] 	== Requesting resource list rebuilding: registered_new_manipulator_front_matter
 DEBUG [1b812f92] 	== Requesting resource list rebuilding: registered_new_manipulator_sitemap_ondisk
 DEBUG [1b812f92] 	== Requesting resource list rebuilding: registered_new_manipulator_sitemap_import
 DEBUG [1b812f92] 	== Requesting resource list rebuilding: registered_new_manipulator_sitemap_endpoint
 DEBUG [1b812f92] 	== Requesting resource list rebuilding: registered_new_manipulator_sitemap_proxies
 DEBUG [1b812f92] 	== Requesting resource list rebuilding: registered_new_manipulator_sitemap_redirects
 DEBUG [1b812f92] 	== Requesting resource list rebuilding: registered_new_manipulator_sitemap_move_files
 DEBUG [1b812f92] 	== Requesting resource list rebuilding: registered_new_manipulator_sitemap_ignore
 DEBUG [1b812f92] 	== Requesting resource list rebuilding: registered_new_manipulator_routing
 DEBUG [1b812f92] 	== Requesting resource list rebuilding: registered_new_manipulator_routing
 DEBUG [1b812f92] 	== Requesting resource list rebuilding: registered_new_manipulator_collections
 DEBUG [1b812f92] 	== Rebuilding resource list
 DEBUG [1b812f92] 	== Running manipulator: sitemap_ondisk (0)
 DEBUG [1b812f92] 	== Running manipulator: sitemap_endpoint (0)
 DEBUG [1b812f92] 	== Running manipulator: sitemap_proxies (0)
 DEBUG [1b812f92] 	== Running manipulator: sitemap_redirects (0)
 DEBUG [1b812f92] 	== Running manipulator: sitemap_ignore (0)
 DEBUG [1b812f92] 	== Running manipulator: sitemap_import (1)
 DEBUG [1b812f92] 	== Running manipulator: routing (10)
 DEBUG [1b812f92] 	== Running manipulator: front_matter (20)
 DEBUG [1b812f92] 	== Running manipulator: sitemap_move_files (101)
 DEBUG [1b812f92] 	== Running manipulator: collections (110)
 DEBUG [1b812f92] 	== Running manipulator: routing (130)
 DEBUG [1b812f92] 	== Prerendering CSS
 DEBUG [1b812f92] 	== Request: /stylesheets/site.css
 DEBUG [1b812f92] 	== Finishing Request: stylesheets/site.css (0.03s)
 DEBUG [1b812f92] 	      create  build/stylesheets/site.css
 DEBUG [1b812f92] 	== Building files
 DEBUG [1b812f92] 	== Request: /javascripts/all.js
 DEBUG [1b812f92] 	== Finishing Request: javascripts/all.js (0.0s)
 DEBUG [1b812f92] 	      create  build/javascripts/all.js
 DEBUG [1b812f92] 	== Request: /sound.html
 DEBUG [1b812f92] 	== Finishing Request: sound.html (0.03s)
 DEBUG [1b812f92] 	      create  build/sound.html
 DEBUG [1b812f92] 	== Request: /video.html
 DEBUG [1b812f92] 	== Finishing Request: video.html (0.04s)
 DEBUG [1b812f92] 	      create  build/video.html
 DEBUG [1b812f92] 	== Request: /performance.html
 DEBUG [1b812f92] 	== Finishing Request: performance.html (0.04s)
 DEBUG [1b812f92] 	      create  build/performance.html
 DEBUG [1b812f92] 	Digest::Digest is deprecated; use Digest
 DEBUG [1b812f92] 	Digest::Digest is deprecated; use Digest
 DEBUG [1b812f92] 	Digest::Digest is deprecated; use Digest
 DEBUG [1b812f92] 	Digest::Digest is deprecated; use Digest
 DEBUG [1b812f92] 	Digest::Digest is deprecated; use Digest
 DEBUG [1b812f92] 	Digest::Digest is deprecated; use Digest
 DEBUG [1b812f92] 	Digest::Digest is deprecated; use Digest
 DEBUG [1b812f92] 	Digest::Digest is deprecated; use Digest
 DEBUG [1b812f92] 	Digest::Digest is deprecated; use Digest
 DEBUG [1b812f92] 	Digest::Digest is deprecated; use Digest
 DEBUG [1b812f92] 	Digest::Digest is deprecated; use Digest
 DEBUG [1b812f92] 	== Request: /index.html
 DEBUG [1b812f92] 	== Finishing Request: index.html (0.37s)
 DEBUG [1b812f92] 	      create  build/index.html
 DEBUG [1b812f92] 	Project built successfully.
  INFO [1b812f92] Finished in 2.193 seconds with exit status 0 (successful).
  INFO ---------------------------------------------------------------------------
  INFO START 2016-06-11 17:03:29 -0700 cap staging deploy
  INFO ---------------------------------------------------------------------------
  INFO [ff207681] Running /usr/bin/env mkdir -p /var/www/my_app_name/shared /var/www/my_app_name/releases as james@jrsa.co
 DEBUG [ff207681] Command: /usr/bin/env mkdir -p /var/www/my_app_name/shared /var/www/my_app_name/releases
  INFO ---------------------------------------------------------------------------
  INFO START 2016-06-11 17:09:05 -0700 cap staging deploy
  INFO ---------------------------------------------------------------------------
  INFO [4b98568c] Running /usr/bin/env middleman build --verbose as jrsa@localhost
 DEBUG [4b98568c] Command: /usr/bin/env middleman build --verbose
 DEBUG [4b98568c] 	== Activating: file_watcher
 DEBUG [4b98568c] 	== Activating: front_matter
 DEBUG [4b98568c] 	== Activating: data
 DEBUG [4b98568c] 	== Activating: inline_url_rewriter
 DEBUG [4b98568c] 	== Activating: sitemap_ondisk
 DEBUG [4b98568c] 	== Activating: sitemap_import
 DEBUG [4b98568c] 	== Activating: sitemap_endpoint
 DEBUG [4b98568c] 	== Activating: sitemap_proxies
 DEBUG [4b98568c] 	== Activating: sitemap_redirects
 DEBUG [4b98568c] 	== Activating: sitemap_move_files
 DEBUG [4b98568c] 	== Activating: sitemap_ignore
 DEBUG [4b98568c] 	== Activating: external_helpers
 DEBUG [4b98568c] 	== Activating: erb_renderer
 DEBUG [4b98568c] 	== Activating: coffee_renderer
 DEBUG [4b98568c] 	== Activating: haml_renderer
 DEBUG [4b98568c] 	== Activating: sass_renderer
 DEBUG [4b98568c] 	== Activating: markdown_renderer
 DEBUG [4b98568c] 	== Failed Activation `liquid_renderer` : cannot load such file -- liquid
 DEBUG [4b98568c] 	== Failed Activation `slim_renderer` : cannot load such file -- slim
 DEBUG [4b98568c] 	== Failed Activation `less_renderer` : cannot load such file -- less
 DEBUG [4b98568c] 	== Failed Activation `stylus_renderer` : cannot load such file -- stylus
 DEBUG [4b98568c] 	== Activating: default_helpers
 DEBUG [4b98568c] 	== Activating: lorem
 DEBUG [4b98568c] 	== Activating: routing
 DEBUG [4b98568c] 	== Activating: collections
 DEBUG [4b98568c] 	== Change (#<Set: {:source, :no_frontmatter}>): _nav.html.haml
 DEBUG [4b98568c] 	== Change (#<Set: {:source, :no_frontmatter}>): _vimeo_embed.html.haml
 DEBUG [4b98568c] 	== Change (#<Set: {:source}>): index.html.haml
 DEBUG [4b98568c] 	== Change (#<Set: {:source}>): javascripts/all.js
 DEBUG [4b98568c] 	== Change (#<Set: {:source}>): layouts/layout.haml
 DEBUG [4b98568c] 	== Change (#<Set: {:source}>): performance.html.haml
 DEBUG [4b98568c] 	== Change (#<Set: {:source}>): sound.html.haml
 DEBUG [4b98568c] 	== Change (#<Set: {:source, :no_frontmatter}>): stylesheets/_normalize.scss
 DEBUG [4b98568c] 	== Change (#<Set: {:source}>): stylesheets/site.css.scss
 DEBUG [4b98568c] 	== Change (#<Set: {:source}>): video.html.haml
 DEBUG [4b98568c] 	== Rebuilding resource list
 DEBUG [4b98568c] 	== Reading: Local config: config.rb
 DEBUG [4b98568c] 	== Requesting resource list rebuilding: first_run_change_page
 DEBUG [4b98568c] 	== Requesting resource list rebuilding: first_run_change_page
 DEBUG [4b98568c] 	== Requesting resource list rebuilding: first_run_change_page
 DEBUG [4b98568c] 	Loaded extensions:
 DEBUG [4b98568c] 	== Extension: file_watcher
 DEBUG [4b98568c] 	== Extension: front_matter
 DEBUG [4b98568c] 	== Extension: data
 DEBUG [4b98568c] 	== Extension: inline_url_rewriter
 DEBUG [4b98568c] 	== Extension: sitemap_ondisk
 DEBUG [4b98568c] 	== Extension: sitemap_import
 DEBUG [4b98568c] 	== Extension: sitemap_endpoint
 DEBUG [4b98568c] 	== Extension: sitemap_proxies
 DEBUG [4b98568c] 	== Extension: sitemap_redirects
 DEBUG [4b98568c] 	== Extension: sitemap_move_files
 DEBUG [4b98568c] 	== Extension: sitemap_ignore
 DEBUG [4b98568c] 	== Extension: external_helpers
 DEBUG [4b98568c] 	== Extension: erb_renderer
 DEBUG [4b98568c] 	== Extension: coffee_renderer
 DEBUG [4b98568c] 	== Extension: haml_renderer
 DEBUG [4b98568c] 	== Extension: sass_renderer
 DEBUG [4b98568c] 	== Extension: markdown_renderer
 DEBUG [4b98568c] 	== Extension: default_helpers
 DEBUG [4b98568c] 	== Extension: lorem
 DEBUG [4b98568c] 	== Extension: routing
 DEBUG [4b98568c] 	== Extension: collections
 DEBUG [4b98568c] 	== Change (#<Set: {:source, :no_frontmatter}>): _nav.html.haml
 DEBUG [4b98568c] 	== Change (#<Set: {:source, :no_frontmatter}>): _vimeo_embed.html.haml
 DEBUG [4b98568c] 	== Change (#<Set: {:source}>): index.html.haml
 DEBUG [4b98568c] 	== Change (#<Set: {:source}>): javascripts/all.js
 DEBUG [4b98568c] 	== Change (#<Set: {:source}>): layouts/layout.haml
 DEBUG [4b98568c] 	== Change (#<Set: {:source}>): performance.html.haml
 DEBUG [4b98568c] 	== Change (#<Set: {:source}>): sound.html.haml
 DEBUG [4b98568c] 	== Change (#<Set: {:source, :no_frontmatter}>): stylesheets/_normalize.scss
 DEBUG [4b98568c] 	== Change (#<Set: {:source}>): stylesheets/site.css.scss
 DEBUG [4b98568c] 	== Change (#<Set: {:source}>): video.html.haml
 DEBUG [4b98568c] 	== Rebuilding resource list
 DEBUG [4b98568c] 	== Requesting resource list rebuilding: touched_file
 DEBUG [4b98568c] 	== Requesting resource list rebuilding: registered_new_manipulator_front_matter
 DEBUG [4b98568c] 	== Requesting resource list rebuilding: registered_new_manipulator_sitemap_ondisk
 DEBUG [4b98568c] 	== Requesting resource list rebuilding: registered_new_manipulator_sitemap_import
 DEBUG [4b98568c] 	== Requesting resource list rebuilding: registered_new_manipulator_sitemap_endpoint
 DEBUG [4b98568c] 	== Requesting resource list rebuilding: registered_new_manipulator_sitemap_proxies
 DEBUG [4b98568c] 	== Requesting resource list rebuilding: registered_new_manipulator_sitemap_redirects
 DEBUG [4b98568c] 	== Requesting resource list rebuilding: registered_new_manipulator_sitemap_move_files
 DEBUG [4b98568c] 	== Requesting resource list rebuilding: registered_new_manipulator_sitemap_ignore
 DEBUG [4b98568c] 	== Requesting resource list rebuilding: registered_new_manipulator_routing
 DEBUG [4b98568c] 	== Requesting resource list rebuilding: registered_new_manipulator_routing
 DEBUG [4b98568c] 	== Requesting resource list rebuilding: registered_new_manipulator_collections
 DEBUG [4b98568c] 	== Rebuilding resource list
 DEBUG [4b98568c] 	== Running manipulator: sitemap_ondisk (0)
 DEBUG [4b98568c] 	== Running manipulator: sitemap_endpoint (0)
 DEBUG [4b98568c] 	== Running manipulator: sitemap_proxies (0)
 DEBUG [4b98568c] 	== Running manipulator: sitemap_redirects (0)
 DEBUG [4b98568c] 	== Running manipulator: sitemap_ignore (0)
 DEBUG [4b98568c] 	== Running manipulator: sitemap_import (1)
 DEBUG [4b98568c] 	== Running manipulator: routing (10)
 DEBUG [4b98568c] 	== Running manipulator: front_matter (20)
 DEBUG [4b98568c] 	== Running manipulator: sitemap_move_files (101)
 DEBUG [4b98568c] 	== Running manipulator: collections (110)
 DEBUG [4b98568c] 	== Running manipulator: routing (130)
 DEBUG [4b98568c] 	== Prerendering CSS
 DEBUG [4b98568c] 	== Request: /stylesheets/site.css
 DEBUG [4b98568c] 	== Finishing Request: stylesheets/site.css (0.04s)
 DEBUG [4b98568c] 	      create  build/stylesheets/site.css
 DEBUG [4b98568c] 	== Building files
 DEBUG [4b98568c] 	== Request: /javascripts/all.js
 DEBUG [4b98568c] 	== Finishing Request: javascripts/all.js (0.0s)
 DEBUG [4b98568c] 	      create  build/javascripts/all.js
 DEBUG [4b98568c] 	== Request: /sound.html
 DEBUG [4b98568c] 	== Finishing Request: sound.html (0.02s)
 DEBUG [4b98568c] 	      create  build/sound.html
 DEBUG [4b98568c] 	== Request: /video.html
 DEBUG [4b98568c] 	== Finishing Request: video.html (0.03s)
 DEBUG [4b98568c] 	      create  build/video.html
 DEBUG [4b98568c] 	== Request: /performance.html
 DEBUG [4b98568c] 	== Finishing Request: performance.html (0.03s)
 DEBUG [4b98568c] 	      create  build/performance.html
 DEBUG [4b98568c] 	Digest::Digest is deprecated; use Digest
 DEBUG [4b98568c] 	Digest::Digest is deprecated; use Digest
 DEBUG [4b98568c] 	Digest::Digest is deprecated; use Digest
 DEBUG [4b98568c] 	Digest::Digest is deprecated; use Digest
 DEBUG [4b98568c] 	Digest::Digest is deprecated; use Digest
 DEBUG [4b98568c] 	Digest::Digest is deprecated; use Digest
 DEBUG [4b98568c] 	Digest::Digest is deprecated; use Digest
 DEBUG [4b98568c] 	Digest::Digest is deprecated; use Digest
 DEBUG [4b98568c] 	Digest::Digest is deprecated; use Digest
 DEBUG [4b98568c] 	Digest::Digest is deprecated; use Digest
 DEBUG [4b98568c] 	Digest::Digest is deprecated; use Digest
 DEBUG [4b98568c] 	== Request: /index.html
 DEBUG [4b98568c] 	== Finishing Request: index.html (0.78s)
 DEBUG [4b98568c] 	      create  build/index.html
 DEBUG [4b98568c] 	Project built successfully.
  INFO [4b98568c] Finished in 2.592 seconds with exit status 0 (successful).
  INFO ---------------------------------------------------------------------------
  INFO START 2016-06-11 17:09:27 -0700 cap staging deploy
  INFO ---------------------------------------------------------------------------
  INFO [d66dd2a6] Running /usr/bin/env mkdir -p /home/james/jrsa-live/shared /home/james/jrsa-live/releases as james@jrsa.co
 DEBUG [d66dd2a6] Command: /usr/bin/env mkdir -p /home/james/jrsa-live/shared /home/james/jrsa-live/releases
  INFO [d66dd2a6] Finished in 1.207 seconds with exit status 0 (successful).
 DEBUG [ca5ec6ff] Running [ -f /home/james/jrsa-live/current/REVISION ] as james@jrsa.co
 DEBUG [ca5ec6ff] Command: [ -f /home/james/jrsa-live/current/REVISION ]
 DEBUG [ca5ec6ff] Finished in 0.176 seconds with exit status 1 (failed).
  INFO [bc7bc052] Running /usr/bin/env middleman build --verbose as jrsa@localhost
 DEBUG [bc7bc052] Command: /usr/bin/env middleman build --verbose
 DEBUG [bc7bc052] 	== Activating: file_watcher
 DEBUG [bc7bc052] 	== Activating: front_matter
 DEBUG [bc7bc052] 	== Activating: data
 DEBUG [bc7bc052] 	== Activating: inline_url_rewriter
 DEBUG [bc7bc052] 	== Activating: sitemap_ondisk
 DEBUG [bc7bc052] 	== Activating: sitemap_import
 DEBUG [bc7bc052] 	== Activating: sitemap_endpoint
 DEBUG [bc7bc052] 	== Activating: sitemap_proxies
 DEBUG [bc7bc052] 	== Activating: sitemap_redirects
 DEBUG [bc7bc052] 	== Activating: sitemap_move_files
 DEBUG [bc7bc052] 	== Activating: sitemap_ignore
 DEBUG [bc7bc052] 	== Activating: external_helpers
 DEBUG [bc7bc052] 	== Activating: erb_renderer
 DEBUG [bc7bc052] 	== Activating: coffee_renderer
 DEBUG [bc7bc052] 	== Activating: haml_renderer
 DEBUG [bc7bc052] 	== Activating: sass_renderer
 DEBUG [bc7bc052] 	== Activating: markdown_renderer
 DEBUG [bc7bc052] 	== Failed Activation `liquid_renderer` : cannot load such file -- liquid
 DEBUG [bc7bc052] 	== Failed Activation `slim_renderer` : cannot load such file -- slim
 DEBUG [bc7bc052] 	== Failed Activation `less_renderer` : cannot load such file -- less
 DEBUG [bc7bc052] 	== Failed Activation `stylus_renderer` : cannot load such file -- stylus
 DEBUG [bc7bc052] 	== Activating: default_helpers
 DEBUG [bc7bc052] 	== Activating: lorem
 DEBUG [bc7bc052] 	== Activating: routing
 DEBUG [bc7bc052] 	== Activating: collections
 DEBUG [bc7bc052] 	== Change (#<Set: {:source, :no_frontmatter}>): _nav.html.haml
 DEBUG [bc7bc052] 	== Change (#<Set: {:source, :no_frontmatter}>): _vimeo_embed.html.haml
 DEBUG [bc7bc052] 	== Change (#<Set: {:source}>): index.html.haml
 DEBUG [bc7bc052] 	== Change (#<Set: {:source}>): javascripts/all.js
 DEBUG [bc7bc052] 	== Change (#<Set: {:source}>): layouts/layout.haml
 DEBUG [bc7bc052] 	== Change (#<Set: {:source}>): performance.html.haml
 DEBUG [bc7bc052] 	== Change (#<Set: {:source}>): sound.html.haml
 DEBUG [bc7bc052] 	== Change (#<Set: {:source, :no_frontmatter}>): stylesheets/_normalize.scss
 DEBUG [bc7bc052] 	== Change (#<Set: {:source}>): stylesheets/site.css.scss
 DEBUG [bc7bc052] 	== Change (#<Set: {:source}>): video.html.haml
 DEBUG [bc7bc052] 	== Rebuilding resource list
 DEBUG [bc7bc052] 	== Reading: Local config: config.rb
 DEBUG [bc7bc052] 	== Requesting resource list rebuilding: first_run_change_page
 DEBUG [bc7bc052] 	== Requesting resource list rebuilding: first_run_change_page
 DEBUG [bc7bc052] 	== Requesting resource list rebuilding: first_run_change_page
 DEBUG [bc7bc052] 	Loaded extensions:
 DEBUG [bc7bc052] 	== Extension: file_watcher
 DEBUG [bc7bc052] 	== Extension: front_matter
 DEBUG [bc7bc052] 	== Extension: data
 DEBUG [bc7bc052] 	== Extension: inline_url_rewriter
 DEBUG [bc7bc052] 	== Extension: sitemap_ondisk
 DEBUG [bc7bc052] 	== Extension: sitemap_import
 DEBUG [bc7bc052] 	== Extension: sitemap_endpoint
 DEBUG [bc7bc052] 	== Extension: sitemap_proxies
 DEBUG [bc7bc052] 	== Extension: sitemap_redirects
 DEBUG [bc7bc052] 	== Extension: sitemap_move_files
 DEBUG [bc7bc052] 	== Extension: sitemap_ignore
 DEBUG [bc7bc052] 	== Extension: external_helpers
 DEBUG [bc7bc052] 	== Extension: erb_renderer
 DEBUG [bc7bc052] 	== Extension: coffee_renderer
 DEBUG [bc7bc052] 	== Extension: haml_renderer
 DEBUG [bc7bc052] 	== Extension: sass_renderer
 DEBUG [bc7bc052] 	== Extension: markdown_renderer
 DEBUG [bc7bc052] 	== Extension: default_helpers
 DEBUG [bc7bc052] 	== Extension: lorem
 DEBUG [bc7bc052] 	== Extension: routing
 DEBUG [bc7bc052] 	== Extension: collections
 DEBUG [bc7bc052] 	== Change (#<Set: {:source, :no_frontmatter}>): _nav.html.haml
 DEBUG [bc7bc052] 	== Change (#<Set: {:source, :no_frontmatter}>): _vimeo_embed.html.haml
 DEBUG [bc7bc052] 	== Change (#<Set: {:source}>): index.html.haml
 DEBUG [bc7bc052] 	== Change (#<Set: {:source}>): javascripts/all.js
 DEBUG [bc7bc052] 	== Change (#<Set: {:source}>): layouts/layout.haml
 DEBUG [bc7bc052] 	== Change (#<Set: {:source}>): performance.html.haml
 DEBUG [bc7bc052] 	== Change (#<Set: {:source}>): sound.html.haml
 DEBUG [bc7bc052] 	== Change (#<Set: {:source, :no_frontmatter}>): stylesheets/_normalize.scss
 DEBUG [bc7bc052] 	== Change (#<Set: {:source}>): stylesheets/site.css.scss
 DEBUG [bc7bc052] 	== Change (#<Set: {:source}>): video.html.haml
 DEBUG [bc7bc052] 	== Rebuilding resource list
 DEBUG [bc7bc052] 	== Requesting resource list rebuilding: touched_file
 DEBUG [bc7bc052] 	== Requesting resource list rebuilding: registered_new_manipulator_front_matter
 DEBUG [bc7bc052] 	== Requesting resource list rebuilding: registered_new_manipulator_sitemap_ondisk
 DEBUG [bc7bc052] 	== Requesting resource list rebuilding: registered_new_manipulator_sitemap_import
 DEBUG [bc7bc052] 	== Requesting resource list rebuilding: registered_new_manipulator_sitemap_endpoint
 DEBUG [bc7bc052] 	== Requesting resource list rebuilding: registered_new_manipulator_sitemap_proxies
 DEBUG [bc7bc052] 	== Requesting resource list rebuilding: registered_new_manipulator_sitemap_redirects
 DEBUG [bc7bc052] 	== Requesting resource list rebuilding: registered_new_manipulator_sitemap_move_files
 DEBUG [bc7bc052] 	== Requesting resource list rebuilding: registered_new_manipulator_sitemap_ignore
 DEBUG [bc7bc052] 	== Requesting resource list rebuilding: registered_new_manipulator_routing
 DEBUG [bc7bc052] 	== Requesting resource list rebuilding: registered_new_manipulator_routing
 DEBUG [bc7bc052] 	== Requesting resource list rebuilding: registered_new_manipulator_collections
 DEBUG [bc7bc052] 	== Rebuilding resource list
 DEBUG [bc7bc052] 	== Running manipulator: sitemap_ondisk (0)
 DEBUG [bc7bc052] 	== Running manipulator: sitemap_endpoint (0)
 DEBUG [bc7bc052] 	== Running manipulator: sitemap_proxies (0)
 DEBUG [bc7bc052] 	== Running manipulator: sitemap_redirects (0)
 DEBUG [bc7bc052] 	== Running manipulator: sitemap_ignore (0)
 DEBUG [bc7bc052] 	== Running manipulator: sitemap_import (1)
 DEBUG [bc7bc052] 	== Running manipulator: routing (10)
 DEBUG [bc7bc052] 	== Running manipulator: front_matter (20)
 DEBUG [bc7bc052] 	== Running manipulator: sitemap_move_files (101)
 DEBUG [bc7bc052] 	== Running manipulator: collections (110)
 DEBUG [bc7bc052] 	== Running manipulator: routing (130)
 DEBUG [bc7bc052] 	== Prerendering CSS
 DEBUG [bc7bc052] 	== Request: /stylesheets/site.css
 DEBUG [bc7bc052] 	== Finishing Request: stylesheets/site.css (0.03s)
 DEBUG [bc7bc052] 	      create  build/stylesheets/site.css
 DEBUG [bc7bc052] 	== Building files
 DEBUG [bc7bc052] 	== Request: /javascripts/all.js
 DEBUG [bc7bc052] 	== Finishing Request: javascripts/all.js (0.0s)
 DEBUG [bc7bc052] 	      create  build/javascripts/all.js
 DEBUG [bc7bc052] 	== Request: /sound.html
 DEBUG [bc7bc052] 	== Finishing Request: sound.html (0.02s)
 DEBUG [bc7bc052] 	      create  build/sound.html
 DEBUG [bc7bc052] 	== Request: /video.html
 DEBUG [bc7bc052] 	== Finishing Request: video.html (0.02s)
 DEBUG [bc7bc052] 	      create  build/video.html
 DEBUG [bc7bc052] 	== Request: /performance.html
 DEBUG [bc7bc052] 	== Finishing Request: performance.html (0.03s)
 DEBUG [bc7bc052] 	      create  build/performance.html
 DEBUG [bc7bc052] 	Digest::Digest is deprecated; use Digest
 DEBUG [bc7bc052] 	Digest::Digest is deprecated; use Digest
 DEBUG [bc7bc052] 	Digest::Digest is deprecated; use Digest
 DEBUG [bc7bc052] 	Digest::Digest is deprecated; use Digest
 DEBUG [bc7bc052] 	Digest::Digest is deprecated; use Digest
 DEBUG [bc7bc052] 	Digest::Digest is deprecated; use Digest
 DEBUG [bc7bc052] 	Digest::Digest is deprecated; use Digest
 DEBUG [bc7bc052] 	Digest::Digest is deprecated; use Digest
 DEBUG [bc7bc052] 	Digest::Digest is deprecated; use Digest
 DEBUG [bc7bc052] 	Digest::Digest is deprecated; use Digest
 DEBUG [bc7bc052] 	Digest::Digest is deprecated; use Digest
 DEBUG [bc7bc052] 	== Request: /index.html
 DEBUG [bc7bc052] 	== Finishing Request: index.html (0.78s)
 DEBUG [bc7bc052] 	      create  build/index.html
 DEBUG [bc7bc052] 	Project built successfully.
  INFO [bc7bc052] Finished in 2.618 seconds with exit status 0 (successful).
  INFO ==> release_path: /home/james/jrsa-live/releases/20160612000928 is created on all roles for host jrsa.co <==
  INFO [20f40ce8] Running /usr/bin/env install -d -m 2775 /home/james/jrsa-live/releases/20160612000928 as james@jrsa.co
 DEBUG [20f40ce8] Command: /usr/bin/env install -d -m 2775 /home/james/jrsa-live/releases/20160612000928
  INFO [20f40ce8] Finished in 0.191 seconds with exit status 0 (successful).
 DEBUG [06fb2125] Running /usr/bin/env mktemp as james@jrsa.co
 DEBUG [06fb2125] Command: /usr/bin/env mktemp
 DEBUG [06fb2125] 	/tmp/tmp.rGT56E3PtP
 DEBUG [06fb2125] Finished in 0.082 seconds with exit status 0 (successful).
 DEBUG Uploading archive-e1ad1034dec99c1b4f7812701f6e5506.zip 0.0%
  INFO Uploading archive-e1ad1034dec99c1b4f7812701f6e5506.zip 100.0%
  INFO [b258e94b] Running /usr/bin/env unzip -o /tmp/tmp.rGT56E3PtP -d /home/james/jrsa-live/releases/20160612000928 as james@jrsa.co
 DEBUG [b258e94b] Command: /usr/bin/env unzip -o /tmp/tmp.rGT56E3PtP -d /home/james/jrsa-live/releases/20160612000928
 DEBUG [b258e94b] 	Archive:  /tmp/tmp.rGT56E3PtP
 DEBUG [b258e94b] 	  inflating: /home/james/jrsa-live/releases/20160612000928/index.html  
  inflating: /home/james/jrsa-live/releases/20160612000928/javascripts/all.js  
  inflating: /home/james/jrsa-live/releases/20160612000928/performance.html  
  inflating: /home/james/jrsa-live/releases/20160612000928/sound.html  
  inflating: /home/james/jrsa-live/releases/20160612000928/stylesheets/site.css  
  inflating: /home/james/jrsa-live/releases/20160612000928/video.html  
  INFO [b258e94b] Finished in 0.108 seconds with exit status 0 (successful).
  INFO [bd2cfd4e] Running /usr/bin/env rm -f /tmp/tmp.rGT56E3PtP as james@jrsa.co
 DEBUG [bd2cfd4e] Command: /usr/bin/env rm -f /tmp/tmp.rGT56E3PtP
  INFO [bd2cfd4e] Finished in 0.080 seconds with exit status 0 (successful).
 DEBUG [cd310de2] Running if test ! -d /home/james/jrsa-live/releases/20160612000928; then echo "Directory does not exist '/home/james/jrsa-live/releases/20160612000928'" 1>&2; false; fi as james@jrsa.co
 DEBUG [cd310de2] Command: if test ! -d /home/james/jrsa-live/releases/20160612000928; then echo "Directory does not exist '/home/james/jrsa-live/releases/20160612000928'" 1>&2; false; fi
 DEBUG [cd310de2] Finished in 0.140 seconds with exit status 0 (successful).
  INFO [7314a34a] Running /usr/bin/env echo "" >> REVISION as james@jrsa.co
 DEBUG [7314a34a] Command: cd /home/james/jrsa-live/releases/20160612000928 && /usr/bin/env echo "" >> REVISION
  INFO [7314a34a] Finished in 0.154 seconds with exit status 0 (successful).
  INFO [6fac5d0e] Running /usr/bin/env ln -s /home/james/jrsa-live/releases/20160612000928 /home/james/jrsa-live/releases/current as james@jrsa.co
 DEBUG [6fac5d0e] Command: /usr/bin/env ln -s /home/james/jrsa-live/releases/20160612000928 /home/james/jrsa-live/releases/current
  INFO [6fac5d0e] Finished in 0.153 seconds with exit status 0 (successful).
  INFO [7067a9ee] Running /usr/bin/env mv /home/james/jrsa-live/releases/current /home/james/jrsa-live as james@jrsa.co
 DEBUG [7067a9ee] Command: /usr/bin/env mv /home/james/jrsa-live/releases/current /home/james/jrsa-live
  INFO [7067a9ee] Finished in 0.071 seconds with exit status 0 (successful).
 DEBUG [727d2ea9] Running /usr/bin/env ls -xtr /home/james/jrsa-live/releases as james@jrsa.co
 DEBUG [727d2ea9] Command: /usr/bin/env ls -xtr /home/james/jrsa-live/releases
 DEBUG [727d2ea9] 	20160612000928
 DEBUG [727d2ea9] Finished in 0.102 seconds with exit status 0 (successful).
 DEBUG [a0e29f9c] Running if test ! -d /home/james/jrsa-live/releases; then echo "Directory does not exist '/home/james/jrsa-live/releases'" 1>&2; false; fi as james@jrsa.co
 DEBUG [a0e29f9c] Command: if test ! -d /home/james/jrsa-live/releases; then echo "Directory does not exist '/home/james/jrsa-live/releases'" 1>&2; false; fi
 DEBUG [a0e29f9c] Finished in 0.065 seconds with exit status 0 (successful).
  INFO [147f0ea3] Running /usr/bin/env echo "Branch master (at ) deployed as release 20160612000928 by jrsa" >> /home/james/jrsa-live/revisions.log as james@jrsa.co
 DEBUG [147f0ea3] Command: cd /home/james/jrsa-live/releases && /usr/bin/env echo "Branch master (at ) deployed as release 20160612000928 by jrsa" >> /home/james/jrsa-live/revisions.log
  INFO [147f0ea3] Finished in 0.065 seconds with exit status 0 (successful).
  INFO ---------------------------------------------------------------------------
  INFO START 2016-06-11 17:36:29 -0700 cap staging deploy
  INFO ---------------------------------------------------------------------------
  INFO [96322c84] Running /usr/bin/env mkdir -p /home/james/jrsa-live/shared /home/james/jrsa-live/releases as james@jrsa.co
 DEBUG [96322c84] Command: /usr/bin/env mkdir -p /home/james/jrsa-live/shared /home/james/jrsa-live/releases
  INFO [96322c84] Finished in 0.809 seconds with exit status 0 (successful).
 DEBUG [f9c44ac0] Running [ -f /home/james/jrsa-live/current/REVISION ] as james@jrsa.co
 DEBUG [f9c44ac0] Command: [ -f /home/james/jrsa-live/current/REVISION ]
 DEBUG [f9c44ac0] Finished in 0.230 seconds with exit status 0 (successful).
 DEBUG [148e726b] Running /usr/bin/env cat /home/james/jrsa-live/current/REVISION 2>/dev/null as james@jrsa.co
 DEBUG [148e726b] Command: /usr/bin/env cat /home/james/jrsa-live/current/REVISION 2>/dev/null
 DEBUG [148e726b] 	
 DEBUG [148e726b] Finished in 0.142 seconds with exit status 0 (successful).
  INFO [5428c577] Running /usr/bin/env middleman build --verbose as jrsa@localhost
 DEBUG [5428c577] Command: /usr/bin/env middleman build --verbose
 DEBUG [5428c577] 	== Activating: file_watcher
 DEBUG [5428c577] 	== Activating: front_matter
 DEBUG [5428c577] 	== Activating: data
 DEBUG [5428c577] 	== Activating: inline_url_rewriter
 DEBUG [5428c577] 	== Activating: sitemap_ondisk
 DEBUG [5428c577] 	== Activating: sitemap_import
 DEBUG [5428c577] 	== Activating: sitemap_endpoint
 DEBUG [5428c577] 	== Activating: sitemap_proxies
 DEBUG [5428c577] 	== Activating: sitemap_redirects
 DEBUG [5428c577] 	== Activating: sitemap_move_files
 DEBUG [5428c577] 	== Activating: sitemap_ignore
 DEBUG [5428c577] 	== Activating: external_helpers
 DEBUG [5428c577] 	== Activating: erb_renderer
 DEBUG [5428c577] 	== Activating: coffee_renderer
 DEBUG [5428c577] 	== Activating: haml_renderer
 DEBUG [5428c577] 	== Activating: sass_renderer
 DEBUG [5428c577] 	== Activating: markdown_renderer
 DEBUG [5428c577] 	== Failed Activation `liquid_renderer` : cannot load such file -- liquid
 DEBUG [5428c577] 	== Failed Activation `slim_renderer` : cannot load such file -- slim
 DEBUG [5428c577] 	== Failed Activation `less_renderer` : cannot load such file -- less
 DEBUG [5428c577] 	== Failed Activation `stylus_renderer` : cannot load such file -- stylus
 DEBUG [5428c577] 	== Activating: default_helpers
 DEBUG [5428c577] 	== Activating: lorem
 DEBUG [5428c577] 	== Activating: routing
 DEBUG [5428c577] 	== Activating: collections
 DEBUG [5428c577] 	== Change (#<Set: {:source, :no_frontmatter}>): _nav.html.haml
 DEBUG [5428c577] 	== Change (#<Set: {:source, :no_frontmatter}>): _vimeo_embed.html.haml
 DEBUG [5428c577] 	== Change (#<Set: {:source}>): index.html.haml
 DEBUG [5428c577] 	== Change (#<Set: {:source}>): javascripts/all.js
 DEBUG [5428c577] 	== Change (#<Set: {:source}>): layouts/layout.haml
 DEBUG [5428c577] 	== Change (#<Set: {:source}>): performance.html.haml
 DEBUG [5428c577] 	== Change (#<Set: {:source}>): sound.html.haml
 DEBUG [5428c577] 	== Change (#<Set: {:source, :no_frontmatter}>): stylesheets/_normalize.scss
 DEBUG [5428c577] 	== Change (#<Set: {:source}>): stylesheets/site.css.scss
 DEBUG [5428c577] 	== Change (#<Set: {:source}>): video.html.haml
 DEBUG [5428c577] 	== Rebuilding resource list
 DEBUG [5428c577] 	== Reading: Local config: config.rb
 DEBUG [5428c577] 	== Requesting resource list rebuilding: first_run_change_page
 DEBUG [5428c577] 	== Requesting resource list rebuilding: first_run_change_page
 DEBUG [5428c577] 	== Requesting resource list rebuilding: first_run_change_page
 DEBUG [5428c577] 	Loaded extensions:
 DEBUG [5428c577] 	== Extension: file_watcher
 DEBUG [5428c577] 	== Extension: front_matter
 DEBUG [5428c577] 	== Extension: data
 DEBUG [5428c577] 	== Extension: inline_url_rewriter
 DEBUG [5428c577] 	== Extension: sitemap_ondisk
 DEBUG [5428c577] 	== Extension: sitemap_import
 DEBUG [5428c577] 	== Extension: sitemap_endpoint
 DEBUG [5428c577] 	== Extension: sitemap_proxies
 DEBUG [5428c577] 	== Extension: sitemap_redirects
 DEBUG [5428c577] 	== Extension: sitemap_move_files
 DEBUG [5428c577] 	== Extension: sitemap_ignore
 DEBUG [5428c577] 	== Extension: external_helpers
 DEBUG [5428c577] 	== Extension: erb_renderer
 DEBUG [5428c577] 	== Extension: coffee_renderer
 DEBUG [5428c577] 	== Extension: haml_renderer
 DEBUG [5428c577] 	== Extension: sass_renderer
 DEBUG [5428c577] 	== Extension: markdown_renderer
 DEBUG [5428c577] 	== Extension: default_helpers
 DEBUG [5428c577] 	== Extension: lorem
 DEBUG [5428c577] 	== Extension: routing
 DEBUG [5428c577] 	== Extension: collections
 DEBUG [5428c577] 	== Change (#<Set: {:source, :no_frontmatter}>): _nav.html.haml
 DEBUG [5428c577] 	== Change (#<Set: {:source, :no_frontmatter}>): _vimeo_embed.html.haml
 DEBUG [5428c577] 	== Change (#<Set: {:source}>): index.html.haml
 DEBUG [5428c577] 	== Change (#<Set: {:source}>): javascripts/all.js
 DEBUG [5428c577] 	== Change (#<Set: {:source}>): layouts/layout.haml
 DEBUG [5428c577] 	== Change (#<Set: {:source}>): performance.html.haml
 DEBUG [5428c577] 	== Change (#<Set: {:source}>): sound.html.haml
 DEBUG [5428c577] 	== Change (#<Set: {:source, :no_frontmatter}>): stylesheets/_normalize.scss
 DEBUG [5428c577] 	== Change (#<Set: {:source}>): stylesheets/site.css.scss
 DEBUG [5428c577] 	== Change (#<Set: {:source}>): video.html.haml
 DEBUG [5428c577] 	== Rebuilding resource list
 DEBUG [5428c577] 	== Requesting resource list rebuilding: touched_file
 DEBUG [5428c577] 	== Requesting resource list rebuilding: registered_new_manipulator_front_matter
 DEBUG [5428c577] 	== Requesting resource list rebuilding: registered_new_manipulator_sitemap_ondisk
 DEBUG [5428c577] 	== Requesting resource list rebuilding: registered_new_manipulator_sitemap_import
 DEBUG [5428c577] 	== Requesting resource list rebuilding: registered_new_manipulator_sitemap_endpoint
 DEBUG [5428c577] 	== Requesting resource list rebuilding: registered_new_manipulator_sitemap_proxies
 DEBUG [5428c577] 	== Requesting resource list rebuilding: registered_new_manipulator_sitemap_redirects
 DEBUG [5428c577] 	== Requesting resource list rebuilding: registered_new_manipulator_sitemap_move_files
 DEBUG [5428c577] 	== Requesting resource list rebuilding: registered_new_manipulator_sitemap_ignore
 DEBUG [5428c577] 	== Requesting resource list rebuilding: registered_new_manipulator_routing
 DEBUG [5428c577] 	== Requesting resource list rebuilding: registered_new_manipulator_routing
 DEBUG [5428c577] 	== Requesting resource list rebuilding: registered_new_manipulator_collections
 DEBUG [5428c577] 	== Rebuilding resource list
 DEBUG [5428c577] 	== Running manipulator: sitemap_ondisk (0)
 DEBUG [5428c577] 	== Running manipulator: sitemap_endpoint (0)
 DEBUG [5428c577] 	== Running manipulator: sitemap_proxies (0)
 DEBUG [5428c577] 	== Running manipulator: sitemap_redirects (0)
 DEBUG [5428c577] 	== Running manipulator: sitemap_ignore (0)
 DEBUG [5428c577] 	== Running manipulator: sitemap_import (1)
 DEBUG [5428c577] 	== Running manipulator: routing (10)
 DEBUG [5428c577] 	== Running manipulator: front_matter (20)
 DEBUG [5428c577] 	== Running manipulator: sitemap_move_files (101)
 DEBUG [5428c577] 	== Running manipulator: collections (110)
 DEBUG [5428c577] 	== Running manipulator: routing (130)
 DEBUG [5428c577] 	== Prerendering CSS
 DEBUG [5428c577] 	== Request: /stylesheets/site.css
 DEBUG [5428c577] 	== Finishing Request: stylesheets/site.css (0.03s)
 DEBUG [5428c577] 	      create  build/stylesheets/site.css
 DEBUG [5428c577] 	== Building files
 DEBUG [5428c577] 	== Request: /javascripts/all.js
 DEBUG [5428c577] 	== Finishing Request: javascripts/all.js (0.0s)
 DEBUG [5428c577] 	      create  build/javascripts/all.js
 DEBUG [5428c577] 	== Request: /sound.html
 DEBUG [5428c577] 	== Finishing Request: sound.html (0.02s)
 DEBUG [5428c577] 	      create  build/sound.html
 DEBUG [5428c577] 	== Request: /video.html
 DEBUG [5428c577] 	== Finishing Request: video.html (0.03s)
 DEBUG [5428c577] 	      create  build/video.html
 DEBUG [5428c577] 	== Request: /performance.html
 DEBUG [5428c577] 	== Finishing Request: performance.html (0.03s)
 DEBUG [5428c577] 	      create  build/performance.html
 DEBUG [5428c577] 	Digest::Digest is deprecated; use Digest
 DEBUG [5428c577] 	Digest::Digest is deprecated; use Digest
 DEBUG [5428c577] 	Digest::Digest is deprecated; use Digest
 DEBUG [5428c577] 	Digest::Digest is deprecated; use Digest
 DEBUG [5428c577] 	Digest::Digest is deprecated; use Digest
 DEBUG [5428c577] 	Digest::Digest is deprecated; use Digest
 DEBUG [5428c577] 	Digest::Digest is deprecated; use Digest
 DEBUG [5428c577] 	Digest::Digest is deprecated; use Digest
 DEBUG [5428c577] 	Digest::Digest is deprecated; use Digest
 DEBUG [5428c577] 	Digest::Digest is deprecated; use Digest
 DEBUG [5428c577] 	== Request: /index.html
 DEBUG [5428c577] 	== Finishing Request: index.html (0.75s)
 DEBUG [5428c577] 	      create  build/index.html
 DEBUG [5428c577] 	Project built successfully.
  INFO [5428c577] Finished in 2.619 seconds with exit status 0 (successful).
  INFO ==> release_path: /home/james/jrsa-live/releases/20160612003630 is created on all roles for host jrsa.co <==
  INFO [f55c30b0] Running /usr/bin/env install -d -m 2775 /home/james/jrsa-live/releases/20160612003630 as james@jrsa.co
 DEBUG [f55c30b0] Command: /usr/bin/env install -d -m 2775 /home/james/jrsa-live/releases/20160612003630
  INFO [f55c30b0] Finished in 0.117 seconds with exit status 0 (successful).
 DEBUG [fbf9dbfa] Running /usr/bin/env mktemp as james@jrsa.co
 DEBUG [fbf9dbfa] Command: /usr/bin/env mktemp
 DEBUG [fbf9dbfa] 	/tmp/tmp.sgplcoL5M4
 DEBUG [fbf9dbfa] Finished in 0.202 seconds with exit status 0 (successful).
 DEBUG Uploading archive-9d3f605d44bf0e9e6b639f7d7f9e8e57.zip 0.0%
  INFO Uploading archive-9d3f605d44bf0e9e6b639f7d7f9e8e57.zip 100.0%
  INFO [c556cafd] Running /usr/bin/env unzip -o /tmp/tmp.sgplcoL5M4 -d /home/james/jrsa-live/releases/20160612003630 as james@jrsa.co
 DEBUG [c556cafd] Command: /usr/bin/env unzip -o /tmp/tmp.sgplcoL5M4 -d /home/james/jrsa-live/releases/20160612003630
 DEBUG [c556cafd] 	Archive:  /tmp/tmp.sgplcoL5M4
 DEBUG [c556cafd] 	  inflating: /home/james/jrsa-live/releases/20160612003630/index.html  
 DEBUG [c556cafd] 	
 DEBUG [c556cafd] 	  inflating: /home/james/jrsa-live/releases/20160612003630/javascripts/all.js  
 DEBUG [c556cafd] 	
 DEBUG [c556cafd] 	  inflating: /home/james/jrsa-live/releases/20160612003630/performance.html  
 DEBUG [c556cafd] 	
 DEBUG [c556cafd] 	  inflating: /home/james/jrsa-live/releases/20160612003630/sound.html  
 DEBUG [c556cafd] 	
 DEBUG [c556cafd] 	  inflating: /home/james/jrsa-live/releases/20160612003630/stylesheets/site.css  
 DEBUG [c556cafd] 	
 DEBUG [c556cafd] 	  inflating: /home/james/jrsa-live/releases/20160612003630/video.html  
 DEBUG [c556cafd] 	
  INFO [c556cafd] Finished in 0.118 seconds with exit status 0 (successful).
  INFO [2d809665] Running /usr/bin/env rm -f /tmp/tmp.sgplcoL5M4 as james@jrsa.co
 DEBUG [2d809665] Command: /usr/bin/env rm -f /tmp/tmp.sgplcoL5M4
  INFO [2d809665] Finished in 0.160 seconds with exit status 0 (successful).
 DEBUG [825f17e8] Running if test ! -d /home/james/jrsa-live/releases/20160612003630; then echo "Directory does not exist '/home/james/jrsa-live/releases/20160612003630'" 1>&2; false; fi as james@jrsa.co
 DEBUG [825f17e8] Command: if test ! -d /home/james/jrsa-live/releases/20160612003630; then echo "Directory does not exist '/home/james/jrsa-live/releases/20160612003630'" 1>&2; false; fi
 DEBUG [825f17e8] Finished in 0.091 seconds with exit status 0 (successful).
  INFO [e6eec1ec] Running /usr/bin/env echo "" >> REVISION as james@jrsa.co
 DEBUG [e6eec1ec] Command: cd /home/james/jrsa-live/releases/20160612003630 && /usr/bin/env echo "" >> REVISION
  INFO [e6eec1ec] Finished in 0.107 seconds with exit status 0 (successful).
  INFO [e8b9dd6b] Running /usr/bin/env ln -s /home/james/jrsa-live/releases/20160612003630 /home/james/jrsa-live/releases/current as james@jrsa.co
 DEBUG [e8b9dd6b] Command: /usr/bin/env ln -s /home/james/jrsa-live/releases/20160612003630 /home/james/jrsa-live/releases/current
  INFO [e8b9dd6b] Finished in 0.066 seconds with exit status 0 (successful).
  INFO [347d3789] Running /usr/bin/env mv /home/james/jrsa-live/releases/current /home/james/jrsa-live as james@jrsa.co
 DEBUG [347d3789] Command: /usr/bin/env mv /home/james/jrsa-live/releases/current /home/james/jrsa-live
  INFO [347d3789] Finished in 0.083 seconds with exit status 0 (successful).
 DEBUG [8222d224] Running /usr/bin/env ls -xtr /home/james/jrsa-live/releases as james@jrsa.co
 DEBUG [8222d224] Command: /usr/bin/env ls -xtr /home/james/jrsa-live/releases
 DEBUG [8222d224] 	20160612000928	20160612003630
 DEBUG [8222d224] Finished in 0.099 seconds with exit status 0 (successful).
 DEBUG [16555e30] Running if test ! -d /home/james/jrsa-live/releases; then echo "Directory does not exist '/home/james/jrsa-live/releases'" 1>&2; false; fi as james@jrsa.co
 DEBUG [16555e30] Command: if test ! -d /home/james/jrsa-live/releases; then echo "Directory does not exist '/home/james/jrsa-live/releases'" 1>&2; false; fi
 DEBUG [16555e30] Finished in 0.067 seconds with exit status 0 (successful).
  INFO [40fe8c3f] Running /usr/bin/env echo "Branch master (at ) deployed as release 20160612003630 by jrsa" >> /home/james/jrsa-live/revisions.log as james@jrsa.co
 DEBUG [40fe8c3f] Command: cd /home/james/jrsa-live/releases && /usr/bin/env echo "Branch master (at ) deployed as release 20160612003630 by jrsa" >> /home/james/jrsa-live/revisions.log
  INFO [40fe8c3f] Finished in 0.046 seconds with exit status 0 (successful).
  INFO ---------------------------------------------------------------------------
  INFO START 2016-06-11 17:56:09 -0700 cap staging deploy
  INFO ---------------------------------------------------------------------------
  INFO [1512cea2] Running /usr/bin/env mkdir -p /home/james/jrsa-live/shared /home/james/jrsa-live/releases as james@jrsa.co
 DEBUG [1512cea2] Command: /usr/bin/env mkdir -p /home/james/jrsa-live/shared /home/james/jrsa-live/releases
  INFO [1512cea2] Finished in 0.693 seconds with exit status 0 (successful).
 DEBUG [67b462b3] Running [ -f /home/james/jrsa-live/current/REVISION ] as james@jrsa.co
 DEBUG [67b462b3] Command: [ -f /home/james/jrsa-live/current/REVISION ]
 DEBUG [67b462b3] Finished in 0.174 seconds with exit status 0 (successful).
 DEBUG [1e6d7ceb] Running /usr/bin/env cat /home/james/jrsa-live/current/REVISION 2>/dev/null as james@jrsa.co
 DEBUG [1e6d7ceb] Command: /usr/bin/env cat /home/james/jrsa-live/current/REVISION 2>/dev/null
 DEBUG [1e6d7ceb] 	
 DEBUG [1e6d7ceb] Finished in 0.140 seconds with exit status 0 (successful).
  INFO [4c0599f5] Running /usr/bin/env middleman build --verbose as jrsa@localhost
 DEBUG [4c0599f5] Command: /usr/bin/env middleman build --verbose
 DEBUG [4c0599f5] 	== Activating: file_watcher
 DEBUG [4c0599f5] 	== Activating: front_matter
 DEBUG [4c0599f5] 	== Activating: data
 DEBUG [4c0599f5] 	== Activating: inline_url_rewriter
 DEBUG [4c0599f5] 	== Activating: sitemap_ondisk
 DEBUG [4c0599f5] 	== Activating: sitemap_import
 DEBUG [4c0599f5] 	== Activating: sitemap_endpoint
 DEBUG [4c0599f5] 	== Activating: sitemap_proxies
 DEBUG [4c0599f5] 	== Activating: sitemap_redirects
 DEBUG [4c0599f5] 	== Activating: sitemap_move_files
 DEBUG [4c0599f5] 	== Activating: sitemap_ignore
 DEBUG [4c0599f5] 	== Activating: external_helpers
 DEBUG [4c0599f5] 	== Activating: erb_renderer
 DEBUG [4c0599f5] 	== Activating: coffee_renderer
 DEBUG [4c0599f5] 	== Activating: haml_renderer
 DEBUG [4c0599f5] 	== Activating: sass_renderer
 DEBUG [4c0599f5] 	== Activating: markdown_renderer
 DEBUG [4c0599f5] 	== Failed Activation `liquid_renderer` : cannot load such file -- liquid
 DEBUG [4c0599f5] 	== Failed Activation `slim_renderer` : cannot load such file -- slim
 DEBUG [4c0599f5] 	== Failed Activation `less_renderer` : cannot load such file -- less
 DEBUG [4c0599f5] 	== Failed Activation `stylus_renderer` : cannot load such file -- stylus
 DEBUG [4c0599f5] 	== Activating: default_helpers
 DEBUG [4c0599f5] 	== Activating: lorem
 DEBUG [4c0599f5] 	== Activating: routing
 DEBUG [4c0599f5] 	== Activating: collections
 DEBUG [4c0599f5] 	== Change (#<Set: {:source, :no_frontmatter}>): _nav.html.haml
 DEBUG [4c0599f5] 	== Change (#<Set: {:source, :no_frontmatter}>): _vimeo_embed.html.haml
 DEBUG [4c0599f5] 	== Change (#<Set: {:source}>): index.html.haml
 DEBUG [4c0599f5] 	== Change (#<Set: {:source}>): javascripts/all.js
 DEBUG [4c0599f5] 	== Change (#<Set: {:source}>): layouts/layout.haml
 DEBUG [4c0599f5] 	== Change (#<Set: {:source}>): performance.html.haml
 DEBUG [4c0599f5] 	== Change (#<Set: {:source}>): sound.html.haml
 DEBUG [4c0599f5] 	== Change (#<Set: {:source, :no_frontmatter}>): stylesheets/_normalize.scss
 DEBUG [4c0599f5] 	== Change (#<Set: {:source}>): stylesheets/site.css.scss
 DEBUG [4c0599f5] 	== Change (#<Set: {:source}>): video.html.haml
 DEBUG [4c0599f5] 	== Rebuilding resource list
 DEBUG [4c0599f5] 	== Reading: Local config: config.rb
 DEBUG [4c0599f5] 	== Requesting resource list rebuilding: first_run_change_page
 DEBUG [4c0599f5] 	== Requesting resource list rebuilding: first_run_change_page
 DEBUG [4c0599f5] 	== Requesting resource list rebuilding: first_run_change_page
 DEBUG [4c0599f5] 	Loaded extensions:
 DEBUG [4c0599f5] 	== Extension: file_watcher
 DEBUG [4c0599f5] 	== Extension: front_matter
 DEBUG [4c0599f5] 	== Extension: data
 DEBUG [4c0599f5] 	== Extension: inline_url_rewriter
 DEBUG [4c0599f5] 	== Extension: sitemap_ondisk
 DEBUG [4c0599f5] 	== Extension: sitemap_import
 DEBUG [4c0599f5] 	== Extension: sitemap_endpoint
 DEBUG [4c0599f5] 	== Extension: sitemap_proxies
 DEBUG [4c0599f5] 	== Extension: sitemap_redirects
 DEBUG [4c0599f5] 	== Extension: sitemap_move_files
 DEBUG [4c0599f5] 	== Extension: sitemap_ignore
 DEBUG [4c0599f5] 	== Extension: external_helpers
 DEBUG [4c0599f5] 	== Extension: erb_renderer
 DEBUG [4c0599f5] 	== Extension: coffee_renderer
 DEBUG [4c0599f5] 	== Extension: haml_renderer
 DEBUG [4c0599f5] 	== Extension: sass_renderer
 DEBUG [4c0599f5] 	== Extension: markdown_renderer
 DEBUG [4c0599f5] 	== Extension: default_helpers
 DEBUG [4c0599f5] 	== Extension: lorem
 DEBUG [4c0599f5] 	== Extension: routing
 DEBUG [4c0599f5] 	== Extension: collections
 DEBUG [4c0599f5] 	== Change (#<Set: {:source, :no_frontmatter}>): _nav.html.haml
 DEBUG [4c0599f5] 	== Change (#<Set: {:source, :no_frontmatter}>): _vimeo_embed.html.haml
 DEBUG [4c0599f5] 	== Change (#<Set: {:source}>): index.html.haml
 DEBUG [4c0599f5] 	== Change (#<Set: {:source}>): javascripts/all.js
 DEBUG [4c0599f5] 	== Change (#<Set: {:source}>): layouts/layout.haml
 DEBUG [4c0599f5] 	== Change (#<Set: {:source}>): performance.html.haml
 DEBUG [4c0599f5] 	== Change (#<Set: {:source}>): sound.html.haml
 DEBUG [4c0599f5] 	== Change (#<Set: {:source, :no_frontmatter}>): stylesheets/_normalize.scss
 DEBUG [4c0599f5] 	== Change (#<Set: {:source}>): stylesheets/site.css.scss
 DEBUG [4c0599f5] 	== Change (#<Set: {:source}>): video.html.haml
 DEBUG [4c0599f5] 	== Rebuilding resource list
 DEBUG [4c0599f5] 	== Requesting resource list rebuilding: touched_file
 DEBUG [4c0599f5] 	== Requesting resource list rebuilding: registered_new_manipulator_front_matter
 DEBUG [4c0599f5] 	== Requesting resource list rebuilding: registered_new_manipulator_sitemap_ondisk
 DEBUG [4c0599f5] 	== Requesting resource list rebuilding: registered_new_manipulator_sitemap_import
 DEBUG [4c0599f5] 	== Requesting resource list rebuilding: registered_new_manipulator_sitemap_endpoint
 DEBUG [4c0599f5] 	== Requesting resource list rebuilding: registered_new_manipulator_sitemap_proxies
 DEBUG [4c0599f5] 	== Requesting resource list rebuilding: registered_new_manipulator_sitemap_redirects
 DEBUG [4c0599f5] 	== Requesting resource list rebuilding: registered_new_manipulator_sitemap_move_files
 DEBUG [4c0599f5] 	== Requesting resource list rebuilding: registered_new_manipulator_sitemap_ignore
 DEBUG [4c0599f5] 	== Requesting resource list rebuilding: registered_new_manipulator_routing
 DEBUG [4c0599f5] 	== Requesting resource list rebuilding: registered_new_manipulator_routing
 DEBUG [4c0599f5] 	== Requesting resource list rebuilding: registered_new_manipulator_collections
 DEBUG [4c0599f5] 	== Rebuilding resource list
 DEBUG [4c0599f5] 	== Running manipulator: sitemap_ondisk (0)
 DEBUG [4c0599f5] 	== Running manipulator: sitemap_endpoint (0)
 DEBUG [4c0599f5] 	== Running manipulator: sitemap_proxies (0)
 DEBUG [4c0599f5] 	== Running manipulator: sitemap_redirects (0)
 DEBUG [4c0599f5] 	== Running manipulator: sitemap_ignore (0)
 DEBUG [4c0599f5] 	== Running manipulator: sitemap_import (1)
 DEBUG [4c0599f5] 	== Running manipulator: routing (10)
 DEBUG [4c0599f5] 	== Running manipulator: front_matter (20)
 DEBUG [4c0599f5] 	== Running manipulator: sitemap_move_files (101)
 DEBUG [4c0599f5] 	== Running manipulator: collections (110)
 DEBUG [4c0599f5] 	== Running manipulator: routing (130)
 DEBUG [4c0599f5] 	== Prerendering CSS
 DEBUG [4c0599f5] 	== Request: /stylesheets/site.css
 DEBUG [4c0599f5] 	== Finishing Request: stylesheets/site.css (0.03s)
 DEBUG [4c0599f5] 	   identical  build/stylesheets/site.css
 DEBUG [4c0599f5] 	== Building files
 DEBUG [4c0599f5] 	== Request: /javascripts/all.js
 DEBUG [4c0599f5] 	== Finishing Request: javascripts/all.js (0.0s)
 DEBUG [4c0599f5] 	   identical  build/javascripts/all.js
 DEBUG [4c0599f5] 	== Request: /sound.html
 DEBUG [4c0599f5] 	== Finishing Request: sound.html (0.03s)
 DEBUG [4c0599f5] 	   identical  build/sound.html
 DEBUG [4c0599f5] 	== Request: /performance.html
 DEBUG [4c0599f5] 	== Finishing Request: performance.html (0.03s)
 DEBUG [4c0599f5] 	   identical  build/performance.html
 DEBUG [4c0599f5] 	== Request: /video.html
 DEBUG [4c0599f5] 	== Finishing Request: video.html (0.03s)
 DEBUG [4c0599f5] 	   identical  build/video.html
 DEBUG [4c0599f5] 	Digest::Digest is deprecated; use Digest
 DEBUG [4c0599f5] 	Digest::Digest is deprecated; use Digest
 DEBUG [4c0599f5] 	Digest::Digest is deprecated; use Digest
 DEBUG [4c0599f5] 	Digest::Digest is deprecated; use Digest
 DEBUG [4c0599f5] 	Digest::Digest is deprecated; use Digest
 DEBUG [4c0599f5] 	Digest::Digest is deprecated; use Digest
 DEBUG [4c0599f5] 	Digest::Digest is deprecated; use Digest
 DEBUG [4c0599f5] 	Digest::Digest is deprecated; use Digest
 DEBUG [4c0599f5] 	Digest::Digest is deprecated; use Digest
 DEBUG [4c0599f5] 	Digest::Digest is deprecated; use Digest
 DEBUG [4c0599f5] 	Digest::Digest is deprecated; use Digest
 DEBUG [4c0599f5] 	Digest::Digest is deprecated; use Digest
 DEBUG [4c0599f5] 	Digest::Digest is deprecated; use Digest
 DEBUG [4c0599f5] 	Digest::Digest is deprecated; use Digest
 DEBUG [4c0599f5] 	Digest::Digest is deprecated; use Digest
 DEBUG [4c0599f5] 	Digest::Digest is deprecated; use Digest
 DEBUG [4c0599f5] 	Digest::Digest is deprecated; use Digest
 DEBUG [4c0599f5] 	Digest::Digest is deprecated; use Digest
 DEBUG [4c0599f5] 	== Request: /index.html
 DEBUG [4c0599f5] 	== Finishing Request: index.html (2.59s)
 DEBUG [4c0599f5] 	     updated  build/index.html
 DEBUG [4c0599f5] 	Project built successfully.
  INFO [4c0599f5] Finished in 4.466 seconds with exit status 0 (successful).
  INFO ==> release_path: /home/james/jrsa-live/releases/20160612005610 is created on all roles for host jrsa.co <==
  INFO [86dc5b5d] Running /usr/bin/env install -d -m 2775 /home/james/jrsa-live/releases/20160612005610 as james@jrsa.co
 DEBUG [86dc5b5d] Command: /usr/bin/env install -d -m 2775 /home/james/jrsa-live/releases/20160612005610
  INFO [86dc5b5d] Finished in 0.139 seconds with exit status 0 (successful).
 DEBUG [20878e9c] Running /usr/bin/env mktemp as james@jrsa.co
 DEBUG [20878e9c] Command: /usr/bin/env mktemp
 DEBUG [20878e9c] 	/tmp/tmp.y9zPG5jrRo
 DEBUG [20878e9c] Finished in 0.103 seconds with exit status 0 (successful).
 DEBUG Uploading archive-fdebc180b7b83b85e30792cacaf2bd34.zip 0.0%
  INFO Uploading archive-fdebc180b7b83b85e30792cacaf2bd34.zip 100.0%
  INFO [168fd692] Running /usr/bin/env unzip -o /tmp/tmp.y9zPG5jrRo -d /home/james/jrsa-live/releases/20160612005610 as james@jrsa.co
 DEBUG [168fd692] Command: /usr/bin/env unzip -o /tmp/tmp.y9zPG5jrRo -d /home/james/jrsa-live/releases/20160612005610
 DEBUG [168fd692] 	Archive:  /tmp/tmp.y9zPG5jrRo
 DEBUG [168fd692] 	  inflating: /home/james/jrsa-live/releases/20160612005610/index.html  
 DEBUG [168fd692] 	
 DEBUG [168fd692] 	  inflating: /home/james/jrsa-live/releases/20160612005610/javascripts/all.js  
 DEBUG [168fd692] 	
 DEBUG [168fd692] 	  inflating: /home/james/jrsa-live/releases/20160612005610/performance.html  
 DEBUG [168fd692] 	
 DEBUG [168fd692] 	  inflating: /home/james/jrsa-live/releases/20160612005610/sound.html  
 DEBUG [168fd692] 	
 DEBUG [168fd692] 	  inflating: /home/james/jrsa-live/releases/20160612005610/stylesheets/site.css  
 DEBUG [168fd692] 	
 DEBUG [168fd692] 	  inflating: /home/james/jrsa-live/releases/20160612005610/video.html  
 DEBUG [168fd692] 	
  INFO [168fd692] Finished in 0.093 seconds with exit status 0 (successful).
  INFO [55b0370b] Running /usr/bin/env rm -f /tmp/tmp.y9zPG5jrRo as james@jrsa.co
 DEBUG [55b0370b] Command: /usr/bin/env rm -f /tmp/tmp.y9zPG5jrRo
  INFO [55b0370b] Finished in 0.071 seconds with exit status 0 (successful).
 DEBUG [b398111e] Running if test ! -d /home/james/jrsa-live/releases/20160612005610; then echo "Directory does not exist '/home/james/jrsa-live/releases/20160612005610'" 1>&2; false; fi as james@jrsa.co
 DEBUG [b398111e] Command: if test ! -d /home/james/jrsa-live/releases/20160612005610; then echo "Directory does not exist '/home/james/jrsa-live/releases/20160612005610'" 1>&2; false; fi
 DEBUG [b398111e] Finished in 0.050 seconds with exit status 0 (successful).
  INFO [f8104522] Running /usr/bin/env echo "" >> REVISION as james@jrsa.co
 DEBUG [f8104522] Command: cd /home/james/jrsa-live/releases/20160612005610 && /usr/bin/env echo "" >> REVISION
  INFO [f8104522] Finished in 0.083 seconds with exit status 0 (successful).
  INFO [88f867c2] Running /usr/bin/env ln -s /home/james/jrsa-live/releases/20160612005610 /home/james/jrsa-live/releases/current as james@jrsa.co
 DEBUG [88f867c2] Command: /usr/bin/env ln -s /home/james/jrsa-live/releases/20160612005610 /home/james/jrsa-live/releases/current
  INFO [88f867c2] Finished in 0.082 seconds with exit status 0 (successful).
  INFO [56ae087b] Running /usr/bin/env mv /home/james/jrsa-live/releases/current /home/james/jrsa-live as james@jrsa.co
 DEBUG [56ae087b] Command: /usr/bin/env mv /home/james/jrsa-live/releases/current /home/james/jrsa-live
  INFO [56ae087b] Finished in 0.085 seconds with exit status 0 (successful).
 DEBUG [552b33ce] Running /usr/bin/env ls -xtr /home/james/jrsa-live/releases as james@jrsa.co
 DEBUG [552b33ce] Command: /usr/bin/env ls -xtr /home/james/jrsa-live/releases
 DEBUG [552b33ce] 	20160612000928	20160612003630	20160612005610
 DEBUG [552b33ce] Finished in 0.106 seconds with exit status 0 (successful).
 DEBUG [a2e06433] Running if test ! -d /home/james/jrsa-live/releases; then echo "Directory does not exist '/home/james/jrsa-live/releases'" 1>&2; false; fi as james@jrsa.co
 DEBUG [a2e06433] Command: if test ! -d /home/james/jrsa-live/releases; then echo "Directory does not exist '/home/james/jrsa-live/releases'" 1>&2; false; fi
 DEBUG [a2e06433] Finished in 0.102 seconds with exit status 0 (successful).
  INFO [0af02783] Running /usr/bin/env echo "Branch master (at ) deployed as release 20160612005610 by jrsa" >> /home/james/jrsa-live/revisions.log as james@jrsa.co
 DEBUG [0af02783] Command: cd /home/james/jrsa-live/releases && /usr/bin/env echo "Branch master (at ) deployed as release 20160612005610 by jrsa" >> /home/james/jrsa-live/revisions.log
  INFO [0af02783] Finished in 0.072 seconds with exit status 0 (successful).
  INFO ---------------------------------------------------------------------------
  INFO START 2016-06-11 18:25:17 -0700 cap staging deploy
  INFO ---------------------------------------------------------------------------
  INFO [02f24361] Running /usr/bin/env mkdir -p /home/james/jrsa-live/shared /home/james/jrsa-live/releases as james@jrsa.co
 DEBUG [02f24361] Command: /usr/bin/env mkdir -p /home/james/jrsa-live/shared /home/james/jrsa-live/releases
  INFO [02f24361] Finished in 0.751 seconds with exit status 0 (successful).
 DEBUG [e84671bf] Running [ -f /home/james/jrsa-live/current/REVISION ] as james@jrsa.co
 DEBUG [e84671bf] Command: [ -f /home/james/jrsa-live/current/REVISION ]
 DEBUG [e84671bf] Finished in 0.174 seconds with exit status 0 (successful).
 DEBUG [6618a9b8] Running /usr/bin/env cat /home/james/jrsa-live/current/REVISION 2>/dev/null as james@jrsa.co
 DEBUG [6618a9b8] Command: /usr/bin/env cat /home/james/jrsa-live/current/REVISION 2>/dev/null
 DEBUG [6618a9b8] 	
 DEBUG [6618a9b8] Finished in 0.140 seconds with exit status 0 (successful).
  INFO [f9f8fb5e] Running /usr/bin/env middleman build --verbose as jrsa@localhost
 DEBUG [f9f8fb5e] Command: /usr/bin/env middleman build --verbose
 DEBUG [f9f8fb5e] 	== Activating: file_watcher
 DEBUG [f9f8fb5e] 	== Activating: front_matter
 DEBUG [f9f8fb5e] 	== Activating: data
 DEBUG [f9f8fb5e] 	== Activating: inline_url_rewriter
 DEBUG [f9f8fb5e] 	== Activating: sitemap_ondisk
 DEBUG [f9f8fb5e] 	== Activating: sitemap_import
 DEBUG [f9f8fb5e] 	== Activating: sitemap_endpoint
 DEBUG [f9f8fb5e] 	== Activating: sitemap_proxies
 DEBUG [f9f8fb5e] 	== Activating: sitemap_redirects
 DEBUG [f9f8fb5e] 	== Activating: sitemap_move_files
 DEBUG [f9f8fb5e] 	== Activating: sitemap_ignore
 DEBUG [f9f8fb5e] 	== Activating: external_helpers
 DEBUG [f9f8fb5e] 	== Activating: erb_renderer
 DEBUG [f9f8fb5e] 	== Activating: coffee_renderer
 DEBUG [f9f8fb5e] 	== Activating: haml_renderer
 DEBUG [f9f8fb5e] 	== Activating: sass_renderer
 DEBUG [f9f8fb5e] 	== Activating: markdown_renderer
 DEBUG [f9f8fb5e] 	== Failed Activation `liquid_renderer` : cannot load such file -- liquid
 DEBUG [f9f8fb5e] 	== Failed Activation `slim_renderer` : cannot load such file -- slim
 DEBUG [f9f8fb5e] 	== Failed Activation `less_renderer` : cannot load such file -- less
 DEBUG [f9f8fb5e] 	== Failed Activation `stylus_renderer` : cannot load such file -- stylus
 DEBUG [f9f8fb5e] 	== Activating: default_helpers
 DEBUG [f9f8fb5e] 	== Activating: lorem
 DEBUG [f9f8fb5e] 	== Activating: routing
 DEBUG [f9f8fb5e] 	== Activating: collections
 DEBUG [f9f8fb5e] 	== Change (#<Set: {:source, :no_frontmatter}>): _nav.html.haml
 DEBUG [f9f8fb5e] 	== Change (#<Set: {:source, :no_frontmatter}>): _vimeo_embed.html.haml
 DEBUG [f9f8fb5e] 	== Change (#<Set: {:source}>): index.html.haml
 DEBUG [f9f8fb5e] 	== Change (#<Set: {:source}>): javascripts/all.js
 DEBUG [f9f8fb5e] 	== Change (#<Set: {:source}>): layouts/layout.haml
 DEBUG [f9f8fb5e] 	== Change (#<Set: {:source}>): performance.html.haml
 DEBUG [f9f8fb5e] 	== Change (#<Set: {:source}>): sound.html.haml
 DEBUG [f9f8fb5e] 	== Change (#<Set: {:source, :no_frontmatter}>): stylesheets/_normalize.scss
 DEBUG [f9f8fb5e] 	== Change (#<Set: {:source}>): stylesheets/site.css.scss
 DEBUG [f9f8fb5e] 	== Change (#<Set: {:source}>): video.html.haml
 DEBUG [f9f8fb5e] 	== Rebuilding resource list
 DEBUG [f9f8fb5e] 	== Reading: Local config: config.rb
 DEBUG [f9f8fb5e] 	== Requesting resource list rebuilding: first_run_change_page
 DEBUG [f9f8fb5e] 	== Requesting resource list rebuilding: first_run_change_page
 DEBUG [f9f8fb5e] 	== Requesting resource list rebuilding: first_run_change_page
 DEBUG [f9f8fb5e] 	Loaded extensions:
 DEBUG [f9f8fb5e] 	== Extension: file_watcher
 DEBUG [f9f8fb5e] 	== Extension: front_matter
 DEBUG [f9f8fb5e] 	== Extension: data
 DEBUG [f9f8fb5e] 	== Extension: inline_url_rewriter
 DEBUG [f9f8fb5e] 	== Extension: sitemap_ondisk
 DEBUG [f9f8fb5e] 	== Extension: sitemap_import
 DEBUG [f9f8fb5e] 	== Extension: sitemap_endpoint
 DEBUG [f9f8fb5e] 	== Extension: sitemap_proxies
 DEBUG [f9f8fb5e] 	== Extension: sitemap_redirects
 DEBUG [f9f8fb5e] 	== Extension: sitemap_move_files
 DEBUG [f9f8fb5e] 	== Extension: sitemap_ignore
 DEBUG [f9f8fb5e] 	== Extension: external_helpers
 DEBUG [f9f8fb5e] 	== Extension: erb_renderer
 DEBUG [f9f8fb5e] 	== Extension: coffee_renderer
 DEBUG [f9f8fb5e] 	== Extension: haml_renderer
 DEBUG [f9f8fb5e] 	== Extension: sass_renderer
 DEBUG [f9f8fb5e] 	== Extension: markdown_renderer
 DEBUG [f9f8fb5e] 	== Extension: default_helpers
 DEBUG [f9f8fb5e] 	== Extension: lorem
 DEBUG [f9f8fb5e] 	== Extension: routing
 DEBUG [f9f8fb5e] 	== Extension: collections
 DEBUG [f9f8fb5e] 	== Change (#<Set: {:source, :no_frontmatter}>): _nav.html.haml
 DEBUG [f9f8fb5e] 	== Change (#<Set: {:source, :no_frontmatter}>): _vimeo_embed.html.haml
 DEBUG [f9f8fb5e] 	== Change (#<Set: {:source}>): index.html.haml
 DEBUG [f9f8fb5e] 	== Change (#<Set: {:source}>): javascripts/all.js
 DEBUG [f9f8fb5e] 	== Change (#<Set: {:source}>): layouts/layout.haml
 DEBUG [f9f8fb5e] 	== Change (#<Set: {:source}>): performance.html.haml
 DEBUG [f9f8fb5e] 	== Change (#<Set: {:source}>): sound.html.haml
 DEBUG [f9f8fb5e] 	== Change (#<Set: {:source, :no_frontmatter}>): stylesheets/_normalize.scss
 DEBUG [f9f8fb5e] 	== Change (#<Set: {:source}>): stylesheets/site.css.scss
 DEBUG [f9f8fb5e] 	== Change (#<Set: {:source}>): video.html.haml
 DEBUG [f9f8fb5e] 	== Rebuilding resource list
 DEBUG [f9f8fb5e] 	== Requesting resource list rebuilding: touched_file
 DEBUG [f9f8fb5e] 	== Requesting resource list rebuilding: registered_new_manipulator_front_matter
 DEBUG [f9f8fb5e] 	== Requesting resource list rebuilding: registered_new_manipulator_sitemap_ondisk
 DEBUG [f9f8fb5e] 	== Requesting resource list rebuilding: registered_new_manipulator_sitemap_import
 DEBUG [f9f8fb5e] 	== Requesting resource list rebuilding: registered_new_manipulator_sitemap_endpoint
 DEBUG [f9f8fb5e] 	== Requesting resource list rebuilding: registered_new_manipulator_sitemap_proxies
 DEBUG [f9f8fb5e] 	== Requesting resource list rebuilding: registered_new_manipulator_sitemap_redirects
 DEBUG [f9f8fb5e] 	== Requesting resource list rebuilding: registered_new_manipulator_sitemap_move_files
 DEBUG [f9f8fb5e] 	== Requesting resource list rebuilding: registered_new_manipulator_sitemap_ignore
 DEBUG [f9f8fb5e] 	== Requesting resource list rebuilding: registered_new_manipulator_routing
 DEBUG [f9f8fb5e] 	== Requesting resource list rebuilding: registered_new_manipulator_routing
 DEBUG [f9f8fb5e] 	== Requesting resource list rebuilding: registered_new_manipulator_collections
 DEBUG [f9f8fb5e] 	== Rebuilding resource list
 DEBUG [f9f8fb5e] 	== Running manipulator: sitemap_ondisk (0)
 DEBUG [f9f8fb5e] 	== Running manipulator: sitemap_endpoint (0)
 DEBUG [f9f8fb5e] 	== Running manipulator: sitemap_proxies (0)
 DEBUG [f9f8fb5e] 	== Running manipulator: sitemap_redirects (0)
 DEBUG [f9f8fb5e] 	== Running manipulator: sitemap_ignore (0)
 DEBUG [f9f8fb5e] 	== Running manipulator: sitemap_import (1)
 DEBUG [f9f8fb5e] 	== Running manipulator: routing (10)
 DEBUG [f9f8fb5e] 	== Running manipulator: front_matter (20)
 DEBUG [f9f8fb5e] 	== Running manipulator: sitemap_move_files (101)
 DEBUG [f9f8fb5e] 	== Running manipulator: collections (110)
 DEBUG [f9f8fb5e] 	== Running manipulator: routing (130)
 DEBUG [f9f8fb5e] 	== Prerendering CSS
 DEBUG [f9f8fb5e] 	== Request: /stylesheets/site.css
 DEBUG [f9f8fb5e] 	== Finishing Request: stylesheets/site.css (0.03s)
 DEBUG [f9f8fb5e] 	      create  build/stylesheets/site.css
 DEBUG [f9f8fb5e] 	== Building files
 DEBUG [f9f8fb5e] 	== Request: /javascripts/all.js
 DEBUG [f9f8fb5e] 	== Finishing Request: javascripts/all.js (0.0s)
 DEBUG [f9f8fb5e] 	      create  build/javascripts/all.js
 DEBUG [f9f8fb5e] 	== Request: /sound.html
 DEBUG [f9f8fb5e] 	== Finishing Request: sound.html (0.02s)
 DEBUG [f9f8fb5e] 	      create  build/sound.html
 DEBUG [f9f8fb5e] 	== Request: /video.html
 DEBUG [f9f8fb5e] 	== Finishing Request: video.html (0.02s)
 DEBUG [f9f8fb5e] 	      create  build/video.html
 DEBUG [f9f8fb5e] 	== Request: /performance.html
 DEBUG [f9f8fb5e] 	== Finishing Request: performance.html (0.03s)
 DEBUG [f9f8fb5e] 	      create  build/performance.html
 DEBUG [f9f8fb5e] 	Digest::Digest is deprecated; use Digest
 DEBUG [f9f8fb5e] 	Digest::Digest is deprecated; use Digest
 DEBUG [f9f8fb5e] 	Digest::Digest is deprecated; use Digest
 DEBUG [f9f8fb5e] 	Digest::Digest is deprecated; use Digest
 DEBUG [f9f8fb5e] 	Digest::Digest is deprecated; use Digest
 DEBUG [f9f8fb5e] 	Digest::Digest is deprecated; use Digest
 DEBUG [f9f8fb5e] 	Digest::Digest is deprecated; use Digest
 DEBUG [f9f8fb5e] 	Digest::Digest is deprecated; use Digest
 DEBUG [f9f8fb5e] 	Digest::Digest is deprecated; use Digest
 DEBUG [f9f8fb5e] 	Digest::Digest is deprecated; use Digest
 DEBUG [f9f8fb5e] 	Digest::Digest is deprecated; use Digest
 DEBUG [f9f8fb5e] 	Digest::Digest is deprecated; use Digest
 DEBUG [f9f8fb5e] 	Digest::Digest is deprecated; use Digest
 DEBUG [f9f8fb5e] 	Digest::Digest is deprecated; use Digest
 DEBUG [f9f8fb5e] 	Digest::Digest is deprecated; use Digest
 DEBUG [f9f8fb5e] 	Digest::Digest is deprecated; use Digest
 DEBUG [f9f8fb5e] 	Digest::Digest is deprecated; use Digest
 DEBUG [f9f8fb5e] 	Digest::Digest is deprecated; use Digest
 DEBUG [f9f8fb5e] 	== Request: /index.html
 DEBUG [f9f8fb5e] 	== Finishing Request: index.html (2.33s)
 DEBUG [f9f8fb5e] 	      create  build/index.html
 DEBUG [f9f8fb5e] 	Project built successfully.
  INFO [f9f8fb5e] Finished in 4.072 seconds with exit status 0 (successful).
  INFO ==> release_path: /home/james/jrsa-live/releases/20160612012518 is created on all roles for host jrsa.co <==
  INFO [f606f6b0] Running /usr/bin/env install -d -m 2775 /home/james/jrsa-live/releases/20160612012518 as james@jrsa.co
 DEBUG [f606f6b0] Command: /usr/bin/env install -d -m 2775 /home/james/jrsa-live/releases/20160612012518
  INFO [f606f6b0] Finished in 0.185 seconds with exit status 0 (successful).
 DEBUG [c26bfe3d] Running /usr/bin/env mktemp as james@jrsa.co
 DEBUG [c26bfe3d] Command: /usr/bin/env mktemp
 DEBUG [c26bfe3d] 	/tmp/tmp.nDIgzaJ5li
 DEBUG [c26bfe3d] Finished in 0.068 seconds with exit status 0 (successful).
 DEBUG Uploading archive-d896bb309f3e9d9a4d1178e3e2ba38d6.zip 0.0%
  INFO Uploading archive-d896bb309f3e9d9a4d1178e3e2ba38d6.zip 100.0%
  INFO [957203a2] Running /usr/bin/env unzip -o /tmp/tmp.nDIgzaJ5li -d /home/james/jrsa-live/releases/20160612012518 as james@jrsa.co
 DEBUG [957203a2] Command: /usr/bin/env unzip -o /tmp/tmp.nDIgzaJ5li -d /home/james/jrsa-live/releases/20160612012518
 DEBUG [957203a2] 	Archive:  /tmp/tmp.nDIgzaJ5li
 DEBUG [957203a2] 	  inflating: /home/james/jrsa-live/releases/20160612012518/index.html  
 DEBUG [957203a2] 	
 DEBUG [957203a2] 	  inflating: /home/james/jrsa-live/releases/20160612012518/javascripts/all.js  
 DEBUG [957203a2] 	
 DEBUG [957203a2] 	  inflating: /home/james/jrsa-live/releases/20160612012518/performance.html  
 DEBUG [957203a2] 	
 DEBUG [957203a2] 	  inflating: /home/james/jrsa-live/releases/20160612012518/sound.html  
 DEBUG [957203a2] 	
 DEBUG [957203a2] 	  inflating: /home/james/jrsa-live/releases/20160612012518/stylesheets/site.css  
 DEBUG [957203a2] 	
 DEBUG [957203a2] 	  inflating: /home/james/jrsa-live/releases/20160612012518/video.html  
 DEBUG [957203a2] 	
  INFO [957203a2] Finished in 0.126 seconds with exit status 0 (successful).
  INFO [33f748ed] Running /usr/bin/env rm -f /tmp/tmp.nDIgzaJ5li as james@jrsa.co
 DEBUG [33f748ed] Command: /usr/bin/env rm -f /tmp/tmp.nDIgzaJ5li
  INFO [33f748ed] Finished in 0.106 seconds with exit status 0 (successful).
 DEBUG [db0b0b05] Running if test ! -d /home/james/jrsa-live/releases/20160612012518; then echo "Directory does not exist '/home/james/jrsa-live/releases/20160612012518'" 1>&2; false; fi as james@jrsa.co
 DEBUG [db0b0b05] Command: if test ! -d /home/james/jrsa-live/releases/20160612012518; then echo "Directory does not exist '/home/james/jrsa-live/releases/20160612012518'" 1>&2; false; fi
 DEBUG [db0b0b05] Finished in 0.072 seconds with exit status 0 (successful).
  INFO [413f9ddd] Running /usr/bin/env echo "" >> REVISION as james@jrsa.co
 DEBUG [413f9ddd] Command: cd /home/james/jrsa-live/releases/20160612012518 && /usr/bin/env echo "" >> REVISION
  INFO [413f9ddd] Finished in 0.176 seconds with exit status 0 (successful).
  INFO [359c79f7] Running /usr/bin/env ln -s /home/james/jrsa-live/releases/20160612012518 /home/james/jrsa-live/releases/current as james@jrsa.co
 DEBUG [359c79f7] Command: /usr/bin/env ln -s /home/james/jrsa-live/releases/20160612012518 /home/james/jrsa-live/releases/current
  INFO [359c79f7] Finished in 0.108 seconds with exit status 0 (successful).
  INFO [ce54ff2d] Running /usr/bin/env mv /home/james/jrsa-live/releases/current /home/james/jrsa-live as james@jrsa.co
 DEBUG [ce54ff2d] Command: /usr/bin/env mv /home/james/jrsa-live/releases/current /home/james/jrsa-live
  INFO [ce54ff2d] Finished in 0.091 seconds with exit status 0 (successful).
 DEBUG [148769ca] Running /usr/bin/env ls -xtr /home/james/jrsa-live/releases as james@jrsa.co
 DEBUG [148769ca] Command: /usr/bin/env ls -xtr /home/james/jrsa-live/releases
 DEBUG [148769ca] 	20160612000928	20160612003630	20160612005610	20160612012518
 DEBUG [148769ca] Finished in 0.105 seconds with exit status 0 (successful).
 DEBUG [38921bd7] Running if test ! -d /home/james/jrsa-live/releases; then echo "Directory does not exist '/home/james/jrsa-live/releases'" 1>&2; false; fi as james@jrsa.co
 DEBUG [38921bd7] Command: if test ! -d /home/james/jrsa-live/releases; then echo "Directory does not exist '/home/james/jrsa-live/releases'" 1>&2; false; fi
 DEBUG [38921bd7] Finished in 0.175 seconds with exit status 0 (successful).
  INFO [49471b32] Running /usr/bin/env echo "Branch master (at ) deployed as release 20160612012518 by jrsa" >> /home/james/jrsa-live/revisions.log as james@jrsa.co
 DEBUG [49471b32] Command: cd /home/james/jrsa-live/releases && /usr/bin/env echo "Branch master (at ) deployed as release 20160612012518 by jrsa" >> /home/james/jrsa-live/revisions.log
  INFO [49471b32] Finished in 0.070 seconds with exit status 0 (successful).
  INFO ---------------------------------------------------------------------------
  INFO START 2016-06-11 18:26:13 -0700 cap staging deploy
  INFO ---------------------------------------------------------------------------
  INFO [003b53dc] Running /usr/bin/env mkdir -p /home/james/jrsa-live/shared /home/james/jrsa-live/releases as james@jrsa.co
 DEBUG [003b53dc] Command: /usr/bin/env mkdir -p /home/james/jrsa-live/shared /home/james/jrsa-live/releases
  INFO [003b53dc] Finished in 0.494 seconds with exit status 0 (successful).
 DEBUG [b3f2ab68] Running [ -f /home/james/jrsa-live/current/REVISION ] as james@jrsa.co
 DEBUG [b3f2ab68] Command: [ -f /home/james/jrsa-live/current/REVISION ]
 DEBUG [b3f2ab68] Finished in 0.087 seconds with exit status 0 (successful).
 DEBUG [3282a16c] Running /usr/bin/env cat /home/james/jrsa-live/current/REVISION 2>/dev/null as james@jrsa.co
 DEBUG [3282a16c] Command: /usr/bin/env cat /home/james/jrsa-live/current/REVISION 2>/dev/null
 DEBUG [3282a16c] 	
 DEBUG [3282a16c] Finished in 0.087 seconds with exit status 0 (successful).
  INFO [a28e238b] Running /usr/bin/env middleman build --verbose as jrsa@localhost
 DEBUG [a28e238b] Command: /usr/bin/env middleman build --verbose
 DEBUG [a28e238b] 	== Activating: file_watcher
 DEBUG [a28e238b] 	== Activating: front_matter
 DEBUG [a28e238b] 	== Activating: data
 DEBUG [a28e238b] 	== Activating: inline_url_rewriter
 DEBUG [a28e238b] 	== Activating: sitemap_ondisk
 DEBUG [a28e238b] 	== Activating: sitemap_import
 DEBUG [a28e238b] 	== Activating: sitemap_endpoint
 DEBUG [a28e238b] 	== Activating: sitemap_proxies
 DEBUG [a28e238b] 	== Activating: sitemap_redirects
 DEBUG [a28e238b] 	== Activating: sitemap_move_files
 DEBUG [a28e238b] 	== Activating: sitemap_ignore
 DEBUG [a28e238b] 	== Activating: external_helpers
 DEBUG [a28e238b] 	== Activating: erb_renderer
 DEBUG [a28e238b] 	== Activating: coffee_renderer
 DEBUG [a28e238b] 	== Activating: haml_renderer
 DEBUG [a28e238b] 	== Activating: sass_renderer
 DEBUG [a28e238b] 	== Activating: markdown_renderer
 DEBUG [a28e238b] 	== Failed Activation `liquid_renderer` : cannot load such file -- liquid
 DEBUG [a28e238b] 	== Failed Activation `slim_renderer` : cannot load such file -- slim
 DEBUG [a28e238b] 	== Failed Activation `less_renderer` : cannot load such file -- less
 DEBUG [a28e238b] 	== Failed Activation `stylus_renderer` : cannot load such file -- stylus
 DEBUG [a28e238b] 	== Activating: default_helpers
 DEBUG [a28e238b] 	== Activating: lorem
 DEBUG [a28e238b] 	== Activating: routing
 DEBUG [a28e238b] 	== Activating: collections
 DEBUG [a28e238b] 	== Change (#<Set: {:source, :no_frontmatter}>): _nav.html.haml
 DEBUG [a28e238b] 	== Change (#<Set: {:source, :no_frontmatter}>): _vimeo_embed.html.haml
 DEBUG [a28e238b] 	== Change (#<Set: {:source}>): index.html.haml
 DEBUG [a28e238b] 	== Change (#<Set: {:source}>): javascripts/all.js
 DEBUG [a28e238b] 	== Change (#<Set: {:source}>): layouts/layout.haml
 DEBUG [a28e238b] 	== Change (#<Set: {:source}>): performance.html.haml
 DEBUG [a28e238b] 	== Change (#<Set: {:source}>): sound.html.haml
 DEBUG [a28e238b] 	== Change (#<Set: {:source, :no_frontmatter}>): stylesheets/_normalize.scss
 DEBUG [a28e238b] 	== Change (#<Set: {:source}>): stylesheets/site.css.scss
 DEBUG [a28e238b] 	== Change (#<Set: {:source}>): video.html.haml
 DEBUG [a28e238b] 	== Rebuilding resource list
 DEBUG [a28e238b] 	== Reading: Local config: config.rb
 DEBUG [a28e238b] 	== Requesting resource list rebuilding: first_run_change_page
 DEBUG [a28e238b] 	== Requesting resource list rebuilding: first_run_change_page
 DEBUG [a28e238b] 	== Requesting resource list rebuilding: first_run_change_page
 DEBUG [a28e238b] 	Loaded extensions:
 DEBUG [a28e238b] 	== Extension: file_watcher
 DEBUG [a28e238b] 	== Extension: front_matter
 DEBUG [a28e238b] 	== Extension: data
 DEBUG [a28e238b] 	== Extension: inline_url_rewriter
 DEBUG [a28e238b] 	== Extension: sitemap_ondisk
 DEBUG [a28e238b] 	== Extension: sitemap_import
 DEBUG [a28e238b] 	== Extension: sitemap_endpoint
 DEBUG [a28e238b] 	== Extension: sitemap_proxies
 DEBUG [a28e238b] 	== Extension: sitemap_redirects
 DEBUG [a28e238b] 	== Extension: sitemap_move_files
 DEBUG [a28e238b] 	== Extension: sitemap_ignore
 DEBUG [a28e238b] 	== Extension: external_helpers
 DEBUG [a28e238b] 	== Extension: erb_renderer
 DEBUG [a28e238b] 	== Extension: coffee_renderer
 DEBUG [a28e238b] 	== Extension: haml_renderer
 DEBUG [a28e238b] 	== Extension: sass_renderer
 DEBUG [a28e238b] 	== Extension: markdown_renderer
 DEBUG [a28e238b] 	== Extension: default_helpers
 DEBUG [a28e238b] 	== Extension: lorem
 DEBUG [a28e238b] 	== Extension: routing
 DEBUG [a28e238b] 	== Extension: collections
 DEBUG [a28e238b] 	== Change (#<Set: {:source, :no_frontmatter}>): _nav.html.haml
 DEBUG [a28e238b] 	== Change (#<Set: {:source, :no_frontmatter}>): _vimeo_embed.html.haml
 DEBUG [a28e238b] 	== Change (#<Set: {:source}>): index.html.haml
 DEBUG [a28e238b] 	== Change (#<Set: {:source}>): javascripts/all.js
 DEBUG [a28e238b] 	== Change (#<Set: {:source}>): layouts/layout.haml
 DEBUG [a28e238b] 	== Change (#<Set: {:source}>): performance.html.haml
 DEBUG [a28e238b] 	== Change (#<Set: {:source}>): sound.html.haml
 DEBUG [a28e238b] 	== Change (#<Set: {:source, :no_frontmatter}>): stylesheets/_normalize.scss
 DEBUG [a28e238b] 	== Change (#<Set: {:source}>): stylesheets/site.css.scss
 DEBUG [a28e238b] 	== Change (#<Set: {:source}>): video.html.haml
 DEBUG [a28e238b] 	== Rebuilding resource list
 DEBUG [a28e238b] 	== Requesting resource list rebuilding: touched_file
 DEBUG [a28e238b] 	== Requesting resource list rebuilding: registered_new_manipulator_front_matter
 DEBUG [a28e238b] 	== Requesting resource list rebuilding: registered_new_manipulator_sitemap_ondisk
 DEBUG [a28e238b] 	== Requesting resource list rebuilding: registered_new_manipulator_sitemap_import
 DEBUG [a28e238b] 	== Requesting resource list rebuilding: registered_new_manipulator_sitemap_endpoint
 DEBUG [a28e238b] 	== Requesting resource list rebuilding: registered_new_manipulator_sitemap_proxies
 DEBUG [a28e238b] 	== Requesting resource list rebuilding: registered_new_manipulator_sitemap_redirects
 DEBUG [a28e238b] 	== Requesting resource list rebuilding: registered_new_manipulator_sitemap_move_files
 DEBUG [a28e238b] 	== Requesting resource list rebuilding: registered_new_manipulator_sitemap_ignore
 DEBUG [a28e238b] 	== Requesting resource list rebuilding: registered_new_manipulator_routing
 DEBUG [a28e238b] 	== Requesting resource list rebuilding: registered_new_manipulator_routing
 DEBUG [a28e238b] 	== Requesting resource list rebuilding: registered_new_manipulator_collections
 DEBUG [a28e238b] 	== Rebuilding resource list
 DEBUG [a28e238b] 	== Running manipulator: sitemap_ondisk (0)
 DEBUG [a28e238b] 	== Running manipulator: sitemap_endpoint (0)
 DEBUG [a28e238b] 	== Running manipulator: sitemap_proxies (0)
 DEBUG [a28e238b] 	== Running manipulator: sitemap_redirects (0)
 DEBUG [a28e238b] 	== Running manipulator: sitemap_ignore (0)
 DEBUG [a28e238b] 	== Running manipulator: sitemap_import (1)
 DEBUG [a28e238b] 	== Running manipulator: routing (10)
 DEBUG [a28e238b] 	== Running manipulator: front_matter (20)
 DEBUG [a28e238b] 	== Running manipulator: sitemap_move_files (101)
 DEBUG [a28e238b] 	== Running manipulator: collections (110)
 DEBUG [a28e238b] 	== Running manipulator: routing (130)
 DEBUG [a28e238b] 	== Prerendering CSS
 DEBUG [a28e238b] 	== Request: /stylesheets/site.css
 DEBUG [a28e238b] 	== Finishing Request: stylesheets/site.css (0.03s)
 DEBUG [a28e238b] 	      create  build/stylesheets/site.css
 DEBUG [a28e238b] 	== Building files
 DEBUG [a28e238b] 	== Request: /javascripts/all.js
 DEBUG [a28e238b] 	== Finishing Request: javascripts/all.js (0.0s)
 DEBUG [a28e238b] 	      create  build/javascripts/all.js
 DEBUG [a28e238b] 	== Request: /sound.html
 DEBUG [a28e238b] 	== Finishing Request: sound.html (0.02s)
 DEBUG [a28e238b] 	      create  build/sound.html
 DEBUG [a28e238b] 	== Request: /video.html
 DEBUG [a28e238b] 	== Finishing Request: video.html (0.03s)
 DEBUG [a28e238b] 	      create  build/video.html
 DEBUG [a28e238b] 	== Request: /performance.html
 DEBUG [a28e238b] 	== Finishing Request: performance.html (0.03s)
 DEBUG [a28e238b] 	      create  build/performance.html
 DEBUG [a28e238b] 	Digest::Digest is deprecated; use Digest
 DEBUG [a28e238b] 	Digest::Digest is deprecated; use Digest
 DEBUG [a28e238b] 	Digest::Digest is deprecated; use Digest
 DEBUG [a28e238b] 	Digest::Digest is deprecated; use Digest
 DEBUG [a28e238b] 	Digest::Digest is deprecated; use Digest
 DEBUG [a28e238b] 	Digest::Digest is deprecated; use Digest
 DEBUG [a28e238b] 	Digest::Digest is deprecated; use Digest
 DEBUG [a28e238b] 	Digest::Digest is deprecated; use Digest
 DEBUG [a28e238b] 	Digest::Digest is deprecated; use Digest
 DEBUG [a28e238b] 	Digest::Digest is deprecated; use Digest
 DEBUG [a28e238b] 	Digest::Digest is deprecated; use Digest
 DEBUG [a28e238b] 	Digest::Digest is deprecated; use Digest
 DEBUG [a28e238b] 	Digest::Digest is deprecated; use Digest
 DEBUG [a28e238b] 	Digest::Digest is deprecated; use Digest
 DEBUG [a28e238b] 	== Request: /index.html
 DEBUG [a28e238b] 	== Finishing Request: index.html (2.19s)
 DEBUG [a28e238b] 	      create  build/index.html
 DEBUG [a28e238b] 	Project built successfully.
  INFO [a28e238b] Finished in 3.963 seconds with exit status 0 (successful).
  INFO ==> release_path: /home/james/jrsa-live/releases/20160612012614 is created on all roles for host jrsa.co <==
  INFO [af93e4e0] Running /usr/bin/env install -d -m 2775 /home/james/jrsa-live/releases/20160612012614 as james@jrsa.co
 DEBUG [af93e4e0] Command: /usr/bin/env install -d -m 2775 /home/james/jrsa-live/releases/20160612012614
  INFO [af93e4e0] Finished in 0.078 seconds with exit status 0 (successful).
 DEBUG [d5ea3c1a] Running /usr/bin/env mktemp as james@jrsa.co
 DEBUG [d5ea3c1a] Command: /usr/bin/env mktemp
 DEBUG [d5ea3c1a] 	/tmp/tmp.QQRFl7npu3
 DEBUG [d5ea3c1a] Finished in 0.066 seconds with exit status 0 (successful).
 DEBUG Uploading archive-d054eff205c7efecf79f7679086aaabf.zip 0.0%
  INFO Uploading archive-d054eff205c7efecf79f7679086aaabf.zip 100.0%
  INFO [4bde77cb] Running /usr/bin/env unzip -o /tmp/tmp.QQRFl7npu3 -d /home/james/jrsa-live/releases/20160612012614 as james@jrsa.co
 DEBUG [4bde77cb] Command: /usr/bin/env unzip -o /tmp/tmp.QQRFl7npu3 -d /home/james/jrsa-live/releases/20160612012614
 DEBUG [4bde77cb] 	Archive:  /tmp/tmp.QQRFl7npu3
 DEBUG [4bde77cb] 	  inflating: /home/james/jrsa-live/releases/20160612012614/index.html  
 DEBUG [4bde77cb] 	
 DEBUG [4bde77cb] 	  inflating: /home/james/jrsa-live/releases/20160612012614/javascripts/all.js  
 DEBUG [4bde77cb] 	
 DEBUG [4bde77cb] 	  inflating: /home/james/jrsa-live/releases/20160612012614/performance.html  
 DEBUG [4bde77cb] 	
 DEBUG [4bde77cb] 	  inflating: /home/james/jrsa-live/releases/20160612012614/sound.html  
 DEBUG [4bde77cb] 	
 DEBUG [4bde77cb] 	  inflating: /home/james/jrsa-live/releases/20160612012614/stylesheets/site.css  
 DEBUG [4bde77cb] 	
 DEBUG [4bde77cb] 	  inflating: /home/james/jrsa-live/releases/20160612012614/video.html  
 DEBUG [4bde77cb] 	
  INFO [4bde77cb] Finished in 0.072 seconds with exit status 0 (successful).
  INFO [3d99260d] Running /usr/bin/env rm -f /tmp/tmp.QQRFl7npu3 as james@jrsa.co
 DEBUG [3d99260d] Command: /usr/bin/env rm -f /tmp/tmp.QQRFl7npu3
  INFO [3d99260d] Finished in 0.087 seconds with exit status 0 (successful).
 DEBUG [915a7c01] Running if test ! -d /home/james/jrsa-live/releases/20160612012614; then echo "Directory does not exist '/home/james/jrsa-live/releases/20160612012614'" 1>&2; false; fi as james@jrsa.co
 DEBUG [915a7c01] Command: if test ! -d /home/james/jrsa-live/releases/20160612012614; then echo "Directory does not exist '/home/james/jrsa-live/releases/20160612012614'" 1>&2; false; fi
 DEBUG [915a7c01] Finished in 0.051 seconds with exit status 0 (successful).
  INFO [c409e87c] Running /usr/bin/env echo "" >> REVISION as james@jrsa.co
 DEBUG [c409e87c] Command: cd /home/james/jrsa-live/releases/20160612012614 && /usr/bin/env echo "" >> REVISION
  INFO [c409e87c] Finished in 0.087 seconds with exit status 0 (successful).
  INFO [4de8c8fe] Running /usr/bin/env ln -s /home/james/jrsa-live/releases/20160612012614 /home/james/jrsa-live/releases/current as james@jrsa.co
 DEBUG [4de8c8fe] Command: /usr/bin/env ln -s /home/james/jrsa-live/releases/20160612012614 /home/james/jrsa-live/releases/current
  INFO [4de8c8fe] Finished in 0.081 seconds with exit status 0 (successful).
  INFO [fdcc9fc6] Running /usr/bin/env mv /home/james/jrsa-live/releases/current /home/james/jrsa-live as james@jrsa.co
 DEBUG [fdcc9fc6] Command: /usr/bin/env mv /home/james/jrsa-live/releases/current /home/james/jrsa-live
  INFO [fdcc9fc6] Finished in 0.063 seconds with exit status 0 (successful).
 DEBUG [5f3670ca] Running /usr/bin/env ls -xtr /home/james/jrsa-live/releases as james@jrsa.co
 DEBUG [5f3670ca] Command: /usr/bin/env ls -xtr /home/james/jrsa-live/releases
 DEBUG [5f3670ca] 	20160612000928	20160612003630	20160612005610	20160612012518	20160612012614
 DEBUG [5f3670ca] Finished in 0.068 seconds with exit status 0 (successful).
  INFO Keeping 5 of 5 deployed releases on jrsa.co
  INFO No old releases (keeping newest 5) on jrsa.co
 DEBUG [f087ff83] Running if test ! -d /home/james/jrsa-live/releases; then echo "Directory does not exist '/home/james/jrsa-live/releases'" 1>&2; false; fi as james@jrsa.co
 DEBUG [f087ff83] Command: if test ! -d /home/james/jrsa-live/releases; then echo "Directory does not exist '/home/james/jrsa-live/releases'" 1>&2; false; fi
 DEBUG [f087ff83] Finished in 0.081 seconds with exit status 0 (successful).
  INFO [ab20f67f] Running /usr/bin/env echo "Branch master (at ) deployed as release 20160612012614 by jrsa" >> /home/james/jrsa-live/revisions.log as james@jrsa.co
 DEBUG [ab20f67f] Command: cd /home/james/jrsa-live/releases && /usr/bin/env echo "Branch master (at ) deployed as release 20160612012614 by jrsa" >> /home/james/jrsa-live/revisions.log
  INFO [ab20f67f] Finished in 0.045 seconds with exit status 0 (successful).
